<?xml version="1.0" encoding="UTF-8"?>
<coverage generated="1568022597598" clover="3.2.0">
  <project timestamp="1568022597598" name="All files">
    <metrics statements="26" coveredstatements="26" conditionals="8" coveredconditionals="8" methods="4" coveredmethods="4" elements="38" coveredelements="38" complexity="0" loc="26" ncloc="26" packages="1" files="1" classes="1"/>
    <file name="js_11.js" path="/Users/letterliu/Desktop/JS test/js_11.js">
      <metrics statements="26" coveredstatements="26" conditionals="8" coveredconditionals="8" methods="4" coveredmethods="4"/>
      <line num="9" count="1" type="stmt"/>
      <line num="16" count="1" type="stmt"/>
      <line num="17" count="1" type="stmt"/>
      <line num="21" count="2" type="stmt"/>
      <line num="22" count="2" type="stmt"/>
      <line num="23" count="1" type="stmt"/>
      <line num="24" count="1" type="stmt"/>
      <line num="27" count="1" type="stmt"/>
      <line num="30" count="2" type="stmt"/>
      <line num="36" count="4" type="stmt"/>
      <line num="37" count="4" type="stmt"/>
      <line num="38" count="4" type="cond" truecount="4" falsecount="0"/>
      <line num="39" count="2" type="stmt"/>
      <line num="41" count="2" type="stmt"/>
      <line num="46" count="2" type="stmt"/>
      <line num="47" count="2" type="stmt"/>
      <line num="48" count="2" type="stmt"/>
      <line num="50" count="2" type="stmt"/>
      <line num="51" count="13" type="cond" truecount="2" falsecount="0"/>
      <line num="52" count="11" type="stmt"/>
      <line num="53" count="13" type="cond" truecount="2" falsecount="0"/>
      <line num="56" count="2" type="stmt"/>
      <line num="65" count="2" type="stmt"/>
      <line num="66" count="2" type="stmt"/>
      <line num="67" count="2" type="stmt"/>
      <line num="68" count="2" type="stmt"/>
    </file>
  </project>
</coverage>
