{"/Users/letterliu/Desktop/JS test/js_01.js": {"path":"/Users/letterliu/Desktop/JS test/js_01.js","statementMap":{"0":{"start":{"line":9,"column":0},"end":{"line":13,"column":2}},"1":{"start":{"line":18,"column":4},"end":{"line":18,"column":15}},"2":{"start":{"line":23,"column":15},"end":{"line":23,"column":47}},"3":{"start":{"line":24,"column":0},"end":{"line":24,"column":27}},"4":{"start":{"line":28,"column":2},"end":{"line":38,"column":3}},"5":{"start":{"line":29,"column":23},"end":{"line":29,"column":48}},"6":{"start":{"line":30,"column":4},"end":{"line":30,"column":36}},"7":{"start":{"line":33,"column":4},"end":{"line":33,"column":51}},"8":{"start":{"line":33,"column":34},"end":{"line":33,"column":51}},"9":{"start":{"line":34,"column":4},"end":{"line":34,"column":21}},"10":{"start":{"line":37,"column":4},"end":{"line":37,"column":47}},"11":{"start":{"line":43,"column":24},"end":{"line":43,"column":32}},"12":{"start":{"line":44,"column":22},"end":{"line":44,"column":46}},"13":{"start":{"line":45,"column":20},"end":{"line":45,"column":32}},"14":{"start":{"line":46,"column":2},"end":{"line":46,"column":62}},"15":{"start":{"line":46,"column":19},"end":{"line":46,"column":62}},"16":{"start":{"line":47,"column":2},"end":{"line":47,"column":45}},"17":{"start":{"line":47,"column":17},"end":{"line":47,"column":45}},"18":{"start":{"line":48,"column":2},"end":{"line":48,"column":22}},"19":{"start":{"line":53,"column":2},"end":{"line":54,"column":33}},"20":{"start":{"line":53,"column":18},"end":{"line":53,"column":62}},"21":{"start":{"line":54,"column":7},"end":{"line":54,"column":33}}},"fnMap":{"0":{"name":"(anonymous_0)","decl":{"start":{"line":17,"column":2},"end":{"line":17,"column":3}},"loc":{"start":{"line":17,"column":19},"end":{"line":19,"column":3}},"line":17},"1":{"name":"goodIdeasCinema","decl":{"start":{"line":26,"column":9},"end":{"line":26,"column":24}},"loc":{"start":{"line":26,"column":38},"end":{"line":39,"column":1}},"line":26},"2":{"name":"validateData","decl":{"start":{"line":42,"column":9},"end":{"line":42,"column":21}},"loc":{"start":{"line":42,"column":28},"end":{"line":49,"column":1}},"line":42},"3":{"name":"sneakPreview","decl":{"start":{"line":52,"column":9},"end":{"line":52,"column":21}},"loc":{"start":{"line":52,"column":34},"end":{"line":55,"column":1}},"line":52}},"branchMap":{"0":{"loc":{"start":{"line":33,"column":4},"end":{"line":33,"column":51}},"type":"if","locations":[{"start":{"line":33,"column":4},"end":{"line":33,"column":51}},{"start":{"line":33,"column":4},"end":{"line":33,"column":51}}],"line":33},"1":{"loc":{"start":{"line":46,"column":2},"end":{"line":46,"column":62}},"type":"if","locations":[{"start":{"line":46,"column":2},"end":{"line":46,"column":62}},{"start":{"line":46,"column":2},"end":{"line":46,"column":62}}],"line":46},"2":{"loc":{"start":{"line":47,"column":2},"end":{"line":47,"column":45}},"type":"if","locations":[{"start":{"line":47,"column":2},"end":{"line":47,"column":45}},{"start":{"line":47,"column":2},"end":{"line":47,"column":45}}],"line":47},"3":{"loc":{"start":{"line":53,"column":2},"end":{"line":54,"column":33}},"type":"if","locations":[{"start":{"line":53,"column":2},"end":{"line":54,"column":33}},{"start":{"line":53,"column":2},"end":{"line":54,"column":33}}],"line":53}},"s":{"0":1,"1":2,"2":1,"3":1,"4":3,"5":3,"6":1,"7":2,"8":1,"9":1,"10":3,"11":6,"12":6,"13":6,"14":6,"15":2,"16":4,"17":2,"18":2,"19":3,"20":2,"21":1},"f":{"0":2,"1":3,"2":6,"3":3},"b":{"0":[1,1],"1":[2,4],"2":[2,2],"3":[2,1]},"_coverageSchema":"43e27e138ebf9cfc5966b082cf9a028302ed4184","hash":"483d6788ae68f3cec841d0e007f877286c8ae66c"}
,"/Users/letterliu/Desktop/JS test/js_02.js": {"path":"/Users/letterliu/Desktop/JS test/js_02.js","statementMap":{"0":{"start":{"line":9,"column":0},"end":{"line":15,"column":2}},"1":{"start":{"line":20,"column":4},"end":{"line":20,"column":15}},"2":{"start":{"line":25,"column":15},"end":{"line":25,"column":56}},"3":{"start":{"line":26,"column":0},"end":{"line":26,"column":27}},"4":{"start":{"line":30,"column":2},"end":{"line":42,"column":3}},"5":{"start":{"line":31,"column":22},"end":{"line":31,"column":45}},"6":{"start":{"line":32,"column":29},"end":{"line":32,"column":52}},"7":{"start":{"line":33,"column":19},"end":{"line":33,"column":51}},"8":{"start":{"line":34,"column":4},"end":{"line":34,"column":32}},"9":{"start":{"line":37,"column":4},"end":{"line":37,"column":51}},"10":{"start":{"line":37,"column":34},"end":{"line":37,"column":51}},"11":{"start":{"line":38,"column":4},"end":{"line":38,"column":21}},"12":{"start":{"line":41,"column":4},"end":{"line":41,"column":44}},"13":{"start":{"line":47,"column":20},"end":{"line":47,"column":73}},"14":{"start":{"line":47,"column":38},"end":{"line":47,"column":51}},"15":{"start":{"line":47,"column":67},"end":{"line":47,"column":72}},"16":{"start":{"line":48,"column":24},"end":{"line":48,"column":41}},"17":{"start":{"line":49,"column":2},"end":{"line":51,"column":3}},"18":{"start":{"line":50,"column":4},"end":{"line":50,"column":55}},"19":{"start":{"line":52,"column":2},"end":{"line":52,"column":14}},"20":{"start":{"line":57,"column":24},"end":{"line":57,"column":36}},"21":{"start":{"line":58,"column":22},"end":{"line":58,"column":87}},"22":{"start":{"line":58,"column":40},"end":{"line":58,"column":65}},"23":{"start":{"line":58,"column":81},"end":{"line":58,"column":86}},"24":{"start":{"line":59,"column":2},"end":{"line":61,"column":3}},"25":{"start":{"line":60,"column":4},"end":{"line":60,"column":50}},"26":{"start":{"line":62,"column":2},"end":{"line":62,"column":42}},"27":{"start":{"line":62,"column":27},"end":{"line":62,"column":40}},"28":{"start":{"line":67,"column":20},"end":{"line":67,"column":21}},"29":{"start":{"line":68,"column":17},"end":{"line":68,"column":133}},"30":{"start":{"line":68,"column":47},"end":{"line":68,"column":64}},"31":{"start":{"line":68,"column":104},"end":{"line":68,"column":132}},"32":{"start":{"line":69,"column":2},"end":{"line":69,"column":82}},"33":{"start":{"line":70,"column":2},"end":{"line":70,"column":16}},"34":{"start":{"line":75,"column":2},"end":{"line":76,"column":38}},"35":{"start":{"line":75,"column":14},"end":{"line":75,"column":41}},"36":{"start":{"line":76,"column":7},"end":{"line":76,"column":38}}},"fnMap":{"0":{"name":"(anonymous_0)","decl":{"start":{"line":19,"column":2},"end":{"line":19,"column":3}},"loc":{"start":{"line":19,"column":19},"end":{"line":21,"column":3}},"line":19},"1":{"name":"congruentNumber","decl":{"start":{"line":28,"column":9},"end":{"line":28,"column":24}},"loc":{"start":{"line":28,"column":38},"end":{"line":43,"column":1}},"line":28},"2":{"name":"formatData","decl":{"start":{"line":46,"column":9},"end":{"line":46,"column":19}},"loc":{"start":{"line":46,"column":26},"end":{"line":53,"column":1}},"line":46},"3":{"name":"(anonymous_3)","decl":{"start":{"line":47,"column":29},"end":{"line":47,"column":30}},"loc":{"start":{"line":47,"column":38},"end":{"line":47,"column":51}},"line":47},"4":{"name":"(anonymous_4)","decl":{"start":{"line":47,"column":58},"end":{"line":47,"column":59}},"loc":{"start":{"line":47,"column":67},"end":{"line":47,"column":72}},"line":47},"5":{"name":"validateData","decl":{"start":{"line":55,"column":9},"end":{"line":55,"column":21}},"loc":{"start":{"line":55,"column":28},"end":{"line":63,"column":1}},"line":55},"6":{"name":"(anonymous_6)","decl":{"start":{"line":58,"column":31},"end":{"line":58,"column":32}},"loc":{"start":{"line":58,"column":40},"end":{"line":58,"column":65}},"line":58},"7":{"name":"(anonymous_7)","decl":{"start":{"line":58,"column":72},"end":{"line":58,"column":73}},"loc":{"start":{"line":58,"column":81},"end":{"line":58,"column":86}},"line":58},"8":{"name":"(anonymous_8)","decl":{"start":{"line":62,"column":18},"end":{"line":62,"column":19}},"loc":{"start":{"line":62,"column":27},"end":{"line":62,"column":40}},"line":62},"9":{"name":"congruentEqual","decl":{"start":{"line":66,"column":9},"end":{"line":66,"column":23}},"loc":{"start":{"line":66,"column":42},"end":{"line":71,"column":1}},"line":66},"10":{"name":"(anonymous_10)","decl":{"start":{"line":68,"column":38},"end":{"line":68,"column":39}},"loc":{"start":{"line":68,"column":47},"end":{"line":68,"column":64}},"line":68},"11":{"name":"(anonymous_11)","decl":{"start":{"line":68,"column":73},"end":{"line":68,"column":74}},"loc":{"start":{"line":68,"column":104},"end":{"line":68,"column":132}},"line":68},"12":{"name":"revealAnswer","decl":{"start":{"line":74,"column":9},"end":{"line":74,"column":21}},"loc":{"start":{"line":74,"column":30},"end":{"line":77,"column":1}},"line":74}},"branchMap":{"0":{"loc":{"start":{"line":37,"column":4},"end":{"line":37,"column":51}},"type":"if","locations":[{"start":{"line":37,"column":4},"end":{"line":37,"column":51}},{"start":{"line":37,"column":4},"end":{"line":37,"column":51}}],"line":37},"1":{"loc":{"start":{"line":49,"column":2},"end":{"line":51,"column":3}},"type":"if","locations":[{"start":{"line":49,"column":2},"end":{"line":51,"column":3}},{"start":{"line":49,"column":2},"end":{"line":51,"column":3}}],"line":49},"2":{"loc":{"start":{"line":49,"column":6},"end":{"line":49,"column":32}},"type":"binary-expr","locations":[{"start":{"line":49,"column":6},"end":{"line":49,"column":15}},{"start":{"line":49,"column":19},"end":{"line":49,"column":32}}],"line":49},"3":{"loc":{"start":{"line":59,"column":2},"end":{"line":61,"column":3}},"type":"if","locations":[{"start":{"line":59,"column":2},"end":{"line":61,"column":3}},{"start":{"line":59,"column":2},"end":{"line":61,"column":3}}],"line":59},"4":{"loc":{"start":{"line":75,"column":2},"end":{"line":76,"column":38}},"type":"if","locations":[{"start":{"line":75,"column":2},"end":{"line":76,"column":38}},{"start":{"line":75,"column":2},"end":{"line":76,"column":38}}],"line":75}},"s":{"0":1,"1":3,"2":1,"3":1,"4":5,"5":5,"6":3,"7":2,"8":2,"9":3,"10":2,"11":1,"12":5,"13":6,"14":11,"15":11,"16":6,"17":6,"18":3,"19":3,"20":4,"21":4,"22":8,"23":6,"24":4,"25":2,"26":2,"27":4,"28":4,"29":4,"30":8,"31":4,"32":4,"33":4,"34":4,"35":2,"36":2},"f":{"0":3,"1":5,"2":6,"3":11,"4":11,"5":4,"6":8,"7":6,"8":4,"9":4,"10":8,"11":4,"12":4},"b":{"0":[2,1],"1":[3,3],"2":[6,4],"3":[2,2],"4":[2,2]},"_coverageSchema":"43e27e138ebf9cfc5966b082cf9a028302ed4184","hash":"83d64aa769c20d7336797262b9cae961dd9b5b7b"}
,"/Users/letterliu/Desktop/JS test/js_03.js": {"path":"/Users/letterliu/Desktop/JS test/js_03.js","statementMap":{"0":{"start":{"line":9,"column":0},"end":{"line":13,"column":2}},"1":{"start":{"line":18,"column":4},"end":{"line":18,"column":15}},"2":{"start":{"line":23,"column":15},"end":{"line":23,"column":47}},"3":{"start":{"line":24,"column":0},"end":{"line":24,"column":27}},"4":{"start":{"line":28,"column":2},"end":{"line":38,"column":3}},"5":{"start":{"line":29,"column":21},"end":{"line":29,"column":44}},"6":{"start":{"line":30,"column":4},"end":{"line":30,"column":36}},"7":{"start":{"line":33,"column":4},"end":{"line":33,"column":51}},"8":{"start":{"line":33,"column":34},"end":{"line":33,"column":51}},"9":{"start":{"line":34,"column":4},"end":{"line":34,"column":21}},"10":{"start":{"line":37,"column":4},"end":{"line":37,"column":48}},"11":{"start":{"line":43,"column":24},"end":{"line":43,"column":43}},"12":{"start":{"line":44,"column":22},"end":{"line":44,"column":46}},"13":{"start":{"line":45,"column":2},"end":{"line":47,"column":3}},"14":{"start":{"line":46,"column":4},"end":{"line":46,"column":43}},"15":{"start":{"line":48,"column":2},"end":{"line":50,"column":3}},"16":{"start":{"line":49,"column":4},"end":{"line":49,"column":47}},"17":{"start":{"line":51,"column":2},"end":{"line":51,"column":22}},"18":{"start":{"line":56,"column":20},"end":{"line":56,"column":21}},"19":{"start":{"line":56,"column":39},"end":{"line":56,"column":41}},"20":{"start":{"line":56,"column":55},"end":{"line":56,"column":58}},"21":{"start":{"line":56,"column":72},"end":{"line":56,"column":75}},"22":{"start":{"line":56,"column":96},"end":{"line":56,"column":117}},"23":{"start":{"line":57,"column":2},"end":{"line":61,"column":3}},"24":{"start":{"line":58,"column":4},"end":{"line":58,"column":53}},"25":{"start":{"line":60,"column":4},"end":{"line":60,"column":60}}},"fnMap":{"0":{"name":"(anonymous_0)","decl":{"start":{"line":17,"column":2},"end":{"line":17,"column":3}},"loc":{"start":{"line":17,"column":19},"end":{"line":19,"column":3}},"line":17},"1":{"name":"ticketingSystem","decl":{"start":{"line":26,"column":9},"end":{"line":26,"column":24}},"loc":{"start":{"line":26,"column":38},"end":{"line":39,"column":1}},"line":26},"2":{"name":"formatData","decl":{"start":{"line":41,"column":9},"end":{"line":41,"column":19}},"loc":{"start":{"line":41,"column":26},"end":{"line":52,"column":1}},"line":41},"3":{"name":"bookingTickets","decl":{"start":{"line":54,"column":9},"end":{"line":54,"column":23}},"loc":{"start":{"line":54,"column":34},"end":{"line":62,"column":1}},"line":54}},"branchMap":{"0":{"loc":{"start":{"line":33,"column":4},"end":{"line":33,"column":51}},"type":"if","locations":[{"start":{"line":33,"column":4},"end":{"line":33,"column":51}},{"start":{"line":33,"column":4},"end":{"line":33,"column":51}}],"line":33},"1":{"loc":{"start":{"line":45,"column":2},"end":{"line":47,"column":3}},"type":"if","locations":[{"start":{"line":45,"column":2},"end":{"line":47,"column":3}},{"start":{"line":45,"column":2},"end":{"line":47,"column":3}}],"line":45},"2":{"loc":{"start":{"line":45,"column":6},"end":{"line":45,"column":49}},"type":"binary-expr","locations":[{"start":{"line":45,"column":6},"end":{"line":45,"column":33}},{"start":{"line":45,"column":37},"end":{"line":45,"column":49}}],"line":45},"3":{"loc":{"start":{"line":48,"column":2},"end":{"line":50,"column":3}},"type":"if","locations":[{"start":{"line":48,"column":2},"end":{"line":50,"column":3}},{"start":{"line":48,"column":2},"end":{"line":50,"column":3}}],"line":48},"4":{"loc":{"start":{"line":57,"column":2},"end":{"line":61,"column":3}},"type":"if","locations":[{"start":{"line":57,"column":2},"end":{"line":61,"column":3}},{"start":{"line":57,"column":2},"end":{"line":61,"column":3}}],"line":57},"5":{"loc":{"start":{"line":57,"column":6},"end":{"line":57,"column":54}},"type":"binary-expr","locations":[{"start":{"line":57,"column":6},"end":{"line":57,"column":26}},{"start":{"line":57,"column":30},"end":{"line":57,"column":54}}],"line":57}},"s":{"0":1,"1":2,"2":1,"3":1,"4":4,"5":4,"6":2,"7":2,"8":1,"9":1,"10":4,"11":6,"12":6,"13":6,"14":2,"15":4,"16":2,"17":2,"18":4,"19":4,"20":4,"21":4,"22":4,"23":4,"24":2,"25":2},"f":{"0":2,"1":4,"2":6,"3":4},"b":{"0":[1,1],"1":[2,4],"2":[6,6],"3":[2,2],"4":[2,2],"5":[4,3]},"_coverageSchema":"43e27e138ebf9cfc5966b082cf9a028302ed4184","hash":"d5af3de43fb6bef0931997a27ec77d88fcb144b5"}
,"/Users/letterliu/Desktop/JS test/js_04.js": {"path":"/Users/letterliu/Desktop/JS test/js_04.js","statementMap":{"0":{"start":{"line":7,"column":0},"end":{"line":12,"column":2}},"1":{"start":{"line":15,"column":15},"end":{"line":15,"column":47}},"2":{"start":{"line":16,"column":0},"end":{"line":16,"column":27}},"3":{"start":{"line":20,"column":2},"end":{"line":30,"column":3}},"4":{"start":{"line":21,"column":28},"end":{"line":21,"column":51}},"5":{"start":{"line":22,"column":19},"end":{"line":22,"column":45}},"6":{"start":{"line":23,"column":4},"end":{"line":23,"column":29}},"7":{"start":{"line":26,"column":4},"end":{"line":26,"column":21}},"8":{"start":{"line":29,"column":4},"end":{"line":29,"column":44}},"9":{"start":{"line":35,"column":24},"end":{"line":35,"column":37}},"10":{"start":{"line":36,"column":22},"end":{"line":36,"column":46}},"11":{"start":{"line":37,"column":2},"end":{"line":39,"column":3}},"12":{"start":{"line":38,"column":4},"end":{"line":38,"column":47}},"13":{"start":{"line":40,"column":20},"end":{"line":40,"column":32}},"14":{"start":{"line":41,"column":2},"end":{"line":41,"column":39}},"15":{"start":{"line":42,"column":2},"end":{"line":42,"column":19}},"16":{"start":{"line":47,"column":2},"end":{"line":53,"column":3}},"17":{"start":{"line":48,"column":4},"end":{"line":48,"column":19}},"18":{"start":{"line":49,"column":9},"end":{"line":53,"column":3}},"19":{"start":{"line":50,"column":4},"end":{"line":50,"column":45}},"20":{"start":{"line":52,"column":4},"end":{"line":52,"column":42}},"21":{"start":{"line":58,"column":2},"end":{"line":58,"column":30}}},"fnMap":{"0":{"name":"divergentSeries","decl":{"start":{"line":18,"column":9},"end":{"line":18,"column":24}},"loc":{"start":{"line":18,"column":38},"end":{"line":31,"column":1}},"line":18},"1":{"name":"formatData","decl":{"start":{"line":33,"column":9},"end":{"line":33,"column":19}},"loc":{"start":{"line":33,"column":26},"end":{"line":43,"column":1}},"line":33},"2":{"name":"seriesSum","decl":{"start":{"line":46,"column":9},"end":{"line":46,"column":18}},"loc":{"start":{"line":46,"column":28},"end":{"line":54,"column":1}},"line":46},"3":{"name":"statistic","decl":{"start":{"line":57,"column":9},"end":{"line":57,"column":18}},"loc":{"start":{"line":57,"column":27},"end":{"line":59,"column":1}},"line":57}},"branchMap":{"0":{"loc":{"start":{"line":37,"column":2},"end":{"line":39,"column":3}},"type":"if","locations":[{"start":{"line":37,"column":2},"end":{"line":39,"column":3}},{"start":{"line":37,"column":2},"end":{"line":39,"column":3}}],"line":37},"1":{"loc":{"start":{"line":37,"column":6},"end":{"line":37,"column":33}},"type":"binary-expr","locations":[{"start":{"line":37,"column":6},"end":{"line":37,"column":17}},{"start":{"line":37,"column":21},"end":{"line":37,"column":33}}],"line":37},"2":{"loc":{"start":{"line":47,"column":2},"end":{"line":53,"column":3}},"type":"if","locations":[{"start":{"line":47,"column":2},"end":{"line":53,"column":3}},{"start":{"line":47,"column":2},"end":{"line":53,"column":3}}],"line":47},"3":{"loc":{"start":{"line":49,"column":9},"end":{"line":53,"column":3}},"type":"if","locations":[{"start":{"line":49,"column":9},"end":{"line":53,"column":3}},{"start":{"line":49,"column":9},"end":{"line":53,"column":3}}],"line":49},"4":{"loc":{"start":{"line":49,"column":13},"end":{"line":49,"column":43}},"type":"binary-expr","locations":[{"start":{"line":49,"column":14},"end":{"line":49,"column":25}},{"start":{"line":49,"column":31},"end":{"line":49,"column":42}}],"line":49}},"s":{"0":1,"1":1,"2":1,"3":3,"4":3,"5":1,"6":1,"7":2,"8":3,"9":5,"10":5,"11":5,"12":3,"13":2,"14":2,"15":2,"16":24,"17":2,"18":22,"19":9,"20":13,"21":2},"f":{"0":3,"1":5,"2":24,"3":2},"b":{"0":[3,2],"1":[5,3],"2":[2,22],"3":[9,13],"4":[22,20]},"_coverageSchema":"43e27e138ebf9cfc5966b082cf9a028302ed4184","hash":"2544dca2c5bf92d3f5c30e4fda918488671ed9ff"}
,"/Users/letterliu/Desktop/JS test/js_05.js": {"path":"/Users/letterliu/Desktop/JS test/js_05.js","statementMap":{"0":{"start":{"line":8,"column":0},"end":{"line":14,"column":2}},"1":{"start":{"line":19,"column":4},"end":{"line":19,"column":15}},"2":{"start":{"line":24,"column":15},"end":{"line":24,"column":45}},"3":{"start":{"line":25,"column":0},"end":{"line":25,"column":27}},"4":{"start":{"line":29,"column":2},"end":{"line":41,"column":3}},"5":{"start":{"line":30,"column":22},"end":{"line":30,"column":45}},"6":{"start":{"line":31,"column":28},"end":{"line":31,"column":49}},"7":{"start":{"line":32,"column":19},"end":{"line":32,"column":48}},"8":{"start":{"line":33,"column":4},"end":{"line":33,"column":29}},"9":{"start":{"line":36,"column":4},"end":{"line":36,"column":49}},"10":{"start":{"line":36,"column":32},"end":{"line":36,"column":49}},"11":{"start":{"line":37,"column":4},"end":{"line":37,"column":21}},"12":{"start":{"line":40,"column":4},"end":{"line":40,"column":45}},"13":{"start":{"line":46,"column":24},"end":{"line":46,"column":32}},"14":{"start":{"line":47,"column":22},"end":{"line":47,"column":46}},"15":{"start":{"line":48,"column":2},"end":{"line":50,"column":3}},"16":{"start":{"line":49,"column":4},"end":{"line":49,"column":53}},"17":{"start":{"line":51,"column":2},"end":{"line":51,"column":22}},"18":{"start":{"line":56,"column":25},"end":{"line":56,"column":37}},"19":{"start":{"line":57,"column":23},"end":{"line":57,"column":51}},"20":{"start":{"line":58,"column":2},"end":{"line":60,"column":3}},"21":{"start":{"line":59,"column":4},"end":{"line":59,"column":66}},"22":{"start":{"line":61,"column":2},"end":{"line":61,"column":48}},"23":{"start":{"line":62,"column":2},"end":{"line":62,"column":17}},"24":{"start":{"line":67,"column":2},"end":{"line":69,"column":3}},"25":{"start":{"line":68,"column":4},"end":{"line":68,"column":18}},"26":{"start":{"line":70,"column":2},"end":{"line":70,"column":58}},"27":{"start":{"line":75,"column":2},"end":{"line":75,"column":28}}},"fnMap":{"0":{"name":"(anonymous_0)","decl":{"start":{"line":18,"column":2},"end":{"line":18,"column":3}},"loc":{"start":{"line":18,"column":19},"end":{"line":20,"column":3}},"line":18},"1":{"name":"recursionGame","decl":{"start":{"line":27,"column":9},"end":{"line":27,"column":22}},"loc":{"start":{"line":27,"column":36},"end":{"line":42,"column":1}},"line":27},"2":{"name":"formatData","decl":{"start":{"line":45,"column":9},"end":{"line":45,"column":19}},"loc":{"start":{"line":45,"column":26},"end":{"line":52,"column":1}},"line":45},"3":{"name":"evenNumber","decl":{"start":{"line":55,"column":9},"end":{"line":55,"column":19}},"loc":{"start":{"line":55,"column":29},"end":{"line":63,"column":1}},"line":55},"4":{"name":"recursionSum","decl":{"start":{"line":66,"column":9},"end":{"line":66,"column":21}},"loc":{"start":{"line":66,"column":30},"end":{"line":71,"column":1}},"line":66},"5":{"name":"statistic","decl":{"start":{"line":74,"column":9},"end":{"line":74,"column":18}},"loc":{"start":{"line":74,"column":27},"end":{"line":76,"column":1}},"line":74}},"branchMap":{"0":{"loc":{"start":{"line":36,"column":4},"end":{"line":36,"column":49}},"type":"if","locations":[{"start":{"line":36,"column":4},"end":{"line":36,"column":49}},{"start":{"line":36,"column":4},"end":{"line":36,"column":49}}],"line":36},"1":{"loc":{"start":{"line":48,"column":2},"end":{"line":50,"column":3}},"type":"if","locations":[{"start":{"line":48,"column":2},"end":{"line":50,"column":3}},{"start":{"line":48,"column":2},"end":{"line":50,"column":3}}],"line":48},"2":{"loc":{"start":{"line":48,"column":6},"end":{"line":48,"column":33}},"type":"binary-expr","locations":[{"start":{"line":48,"column":6},"end":{"line":48,"column":17}},{"start":{"line":48,"column":21},"end":{"line":48,"column":33}}],"line":48},"3":{"loc":{"start":{"line":58,"column":2},"end":{"line":60,"column":3}},"type":"if","locations":[{"start":{"line":58,"column":2},"end":{"line":60,"column":3}},{"start":{"line":58,"column":2},"end":{"line":60,"column":3}}],"line":58},"4":{"loc":{"start":{"line":58,"column":6},"end":{"line":58,"column":33}},"type":"binary-expr","locations":[{"start":{"line":58,"column":6},"end":{"line":58,"column":18}},{"start":{"line":58,"column":22},"end":{"line":58,"column":33}}],"line":58},"5":{"loc":{"start":{"line":67,"column":2},"end":{"line":69,"column":3}},"type":"if","locations":[{"start":{"line":67,"column":2},"end":{"line":69,"column":3}},{"start":{"line":67,"column":2},"end":{"line":69,"column":3}}],"line":67}},"s":{"0":1,"1":2,"2":1,"3":1,"4":4,"5":4,"6":2,"7":1,"8":1,"9":3,"10":1,"11":2,"12":4,"13":6,"14":6,"15":6,"16":3,"17":3,"18":4,"19":4,"20":4,"21":2,"22":2,"23":2,"24":10,"25":2,"26":8,"27":2},"f":{"0":2,"1":4,"2":6,"3":4,"4":10,"5":2},"b":{"0":[1,2],"1":[3,3],"2":[6,3],"3":[2,2],"4":[4,2],"5":[2,8]},"_coverageSchema":"43e27e138ebf9cfc5966b082cf9a028302ed4184","hash":"be1d5ab3d5f234ba6728ed24a96c16bf06e3e3d8"}
,"/Users/letterliu/Desktop/JS test/js_06.js": {"path":"/Users/letterliu/Desktop/JS test/js_06.js","statementMap":{"0":{"start":{"line":7,"column":0},"end":{"line":14,"column":2}},"1":{"start":{"line":18,"column":4},"end":{"line":18,"column":15}},"2":{"start":{"line":23,"column":15},"end":{"line":23,"column":53}},"3":{"start":{"line":24,"column":0},"end":{"line":24,"column":27}},"4":{"start":{"line":28,"column":2},"end":{"line":41,"column":3}},"5":{"start":{"line":29,"column":22},"end":{"line":29,"column":45}},"6":{"start":{"line":30,"column":20},"end":{"line":30,"column":41}},"7":{"start":{"line":31,"column":24},"end":{"line":31,"column":42}},"8":{"start":{"line":32,"column":19},"end":{"line":32,"column":45}},"9":{"start":{"line":33,"column":4},"end":{"line":33,"column":29}},"10":{"start":{"line":36,"column":4},"end":{"line":36,"column":51}},"11":{"start":{"line":36,"column":34},"end":{"line":36,"column":51}},"12":{"start":{"line":37,"column":4},"end":{"line":37,"column":21}},"13":{"start":{"line":40,"column":4},"end":{"line":40,"column":58}},"14":{"start":{"line":46,"column":24},"end":{"line":46,"column":33}},"15":{"start":{"line":47,"column":22},"end":{"line":47,"column":87}},"16":{"start":{"line":47,"column":40},"end":{"line":47,"column":65}},"17":{"start":{"line":47,"column":81},"end":{"line":47,"column":86}},"18":{"start":{"line":48,"column":20},"end":{"line":48,"column":37}},"19":{"start":{"line":49,"column":2},"end":{"line":51,"column":3}},"20":{"start":{"line":50,"column":4},"end":{"line":50,"column":63}},"21":{"start":{"line":52,"column":2},"end":{"line":52,"column":14}},"22":{"start":{"line":57,"column":16},"end":{"line":57,"column":17}},"23":{"start":{"line":58,"column":2},"end":{"line":60,"column":3}},"24":{"start":{"line":59,"column":4},"end":{"line":59,"column":71}},"25":{"start":{"line":61,"column":2},"end":{"line":61,"column":17}},"26":{"start":{"line":66,"column":22},"end":{"line":66,"column":67}},"27":{"start":{"line":66,"column":54},"end":{"line":66,"column":66}},"28":{"start":{"line":67,"column":2},"end":{"line":67,"column":64}},"29":{"start":{"line":68,"column":2},"end":{"line":68,"column":21}},"30":{"start":{"line":73,"column":21},"end":{"line":73,"column":99}},"31":{"start":{"line":73,"column":41},"end":{"line":73,"column":98}},"32":{"start":{"line":73,"column":86},"end":{"line":73,"column":97}},"33":{"start":{"line":74,"column":2},"end":{"line":74,"column":71}},"34":{"start":{"line":74,"column":47},"end":{"line":74,"column":69}},"35":{"start":{"line":79,"column":2},"end":{"line":79,"column":39}}},"fnMap":{"0":{"name":"(anonymous_0)","decl":{"start":{"line":17,"column":2},"end":{"line":17,"column":3}},"loc":{"start":{"line":17,"column":19},"end":{"line":19,"column":3}},"line":17},"1":{"name":"alphabetGame","decl":{"start":{"line":26,"column":9},"end":{"line":26,"column":21}},"loc":{"start":{"line":26,"column":35},"end":{"line":42,"column":1}},"line":26},"2":{"name":"formatData","decl":{"start":{"line":45,"column":9},"end":{"line":45,"column":19}},"loc":{"start":{"line":45,"column":26},"end":{"line":53,"column":1}},"line":45},"3":{"name":"(anonymous_3)","decl":{"start":{"line":47,"column":31},"end":{"line":47,"column":32}},"loc":{"start":{"line":47,"column":40},"end":{"line":47,"column":65}},"line":47},"4":{"name":"(anonymous_4)","decl":{"start":{"line":47,"column":72},"end":{"line":47,"column":73}},"loc":{"start":{"line":47,"column":81},"end":{"line":47,"column":86}},"line":47},"5":{"name":"attendance","decl":{"start":{"line":56,"column":9},"end":{"line":56,"column":19}},"loc":{"start":{"line":56,"column":29},"end":{"line":62,"column":1}},"line":56},"6":{"name":"selection","decl":{"start":{"line":65,"column":9},"end":{"line":65,"column":18}},"loc":{"start":{"line":65,"column":28},"end":{"line":69,"column":1}},"line":65},"7":{"name":"(anonymous_7)","decl":{"start":{"line":66,"column":37},"end":{"line":66,"column":38}},"loc":{"start":{"line":66,"column":54},"end":{"line":66,"column":66}},"line":66},"8":{"name":"oddCharacters","decl":{"start":{"line":72,"column":9},"end":{"line":72,"column":22}},"loc":{"start":{"line":72,"column":29},"end":{"line":75,"column":1}},"line":72},"9":{"name":"(anonymous_9)","decl":{"start":{"line":73,"column":30},"end":{"line":73,"column":31}},"loc":{"start":{"line":73,"column":41},"end":{"line":73,"column":98}},"line":73},"10":{"name":"(anonymous_10)","decl":{"start":{"line":73,"column":66},"end":{"line":73,"column":67}},"loc":{"start":{"line":73,"column":86},"end":{"line":73,"column":97}},"line":73},"11":{"name":"(anonymous_11)","decl":{"start":{"line":74,"column":27},"end":{"line":74,"column":28}},"loc":{"start":{"line":74,"column":47},"end":{"line":74,"column":69}},"line":74},"12":{"name":"announced","decl":{"start":{"line":78,"column":9},"end":{"line":78,"column":18}},"loc":{"start":{"line":78,"column":27},"end":{"line":80,"column":1}},"line":78}},"branchMap":{"0":{"loc":{"start":{"line":36,"column":4},"end":{"line":36,"column":51}},"type":"if","locations":[{"start":{"line":36,"column":4},"end":{"line":36,"column":51}},{"start":{"line":36,"column":4},"end":{"line":36,"column":51}}],"line":36},"1":{"loc":{"start":{"line":49,"column":2},"end":{"line":51,"column":3}},"type":"if","locations":[{"start":{"line":49,"column":2},"end":{"line":51,"column":3}},{"start":{"line":49,"column":2},"end":{"line":51,"column":3}}],"line":49},"2":{"loc":{"start":{"line":49,"column":6},"end":{"line":49,"column":30}},"type":"binary-expr","locations":[{"start":{"line":49,"column":6},"end":{"line":49,"column":17}},{"start":{"line":49,"column":21},"end":{"line":49,"column":30}}],"line":49},"3":{"loc":{"start":{"line":58,"column":2},"end":{"line":60,"column":3}},"type":"if","locations":[{"start":{"line":58,"column":2},"end":{"line":60,"column":3}},{"start":{"line":58,"column":2},"end":{"line":60,"column":3}}],"line":58}},"s":{"0":1,"1":3,"2":1,"3":1,"4":4,"5":4,"6":2,"7":1,"8":1,"9":1,"10":3,"11":2,"12":1,"13":4,"14":6,"15":6,"16":13,"17":11,"18":6,"19":6,"20":3,"21":3,"22":3,"23":3,"24":2,"25":1,"26":2,"27":8,"28":2,"29":2,"30":2,"31":4,"32":22,"33":2,"34":2,"35":2},"f":{"0":3,"1":4,"2":6,"3":13,"4":11,"5":3,"6":2,"7":8,"8":2,"9":4,"10":22,"11":2,"12":2},"b":{"0":[2,1],"1":[3,3],"2":[6,3],"3":[2,1]},"_coverageSchema":"43e27e138ebf9cfc5966b082cf9a028302ed4184","hash":"dd2b3baa2261aff8f6081e933b864e9a883526e0"}
,"/Users/letterliu/Desktop/JS test/js_08.js": {"path":"/Users/letterliu/Desktop/JS test/js_08.js","statementMap":{"0":{"start":{"line":8,"column":0},"end":{"line":14,"column":2}},"1":{"start":{"line":17,"column":15},"end":{"line":17,"column":47}},"2":{"start":{"line":18,"column":0},"end":{"line":18,"column":27}},"3":{"start":{"line":22,"column":2},"end":{"line":33,"column":3}},"4":{"start":{"line":23,"column":22},"end":{"line":23,"column":45}},"5":{"start":{"line":24,"column":21},"end":{"line":24,"column":45}},"6":{"start":{"line":25,"column":19},"end":{"line":25,"column":38}},"7":{"start":{"line":26,"column":4},"end":{"line":26,"column":29}},"8":{"start":{"line":29,"column":4},"end":{"line":29,"column":21}},"9":{"start":{"line":32,"column":4},"end":{"line":32,"column":72}},"10":{"start":{"line":38,"column":24},"end":{"line":38,"column":35}},"11":{"start":{"line":39,"column":22},"end":{"line":39,"column":46}},"12":{"start":{"line":40,"column":2},"end":{"line":42,"column":3}},"13":{"start":{"line":41,"column":4},"end":{"line":41,"column":53}},"14":{"start":{"line":43,"column":2},"end":{"line":43,"column":22}},"15":{"start":{"line":48,"column":24},"end":{"line":48,"column":43}},"16":{"start":{"line":49,"column":2},"end":{"line":54,"column":3}},"17":{"start":{"line":50,"column":4},"end":{"line":53,"column":6}},"18":{"start":{"line":55,"column":2},"end":{"line":55,"column":56}},"19":{"start":{"line":56,"column":2},"end":{"line":56,"column":14}},"20":{"start":{"line":57,"column":2},"end":{"line":57,"column":46}},"21":{"start":{"line":62,"column":17},"end":{"line":62,"column":62}},"22":{"start":{"line":63,"column":2},"end":{"line":66,"column":3}},"23":{"start":{"line":71,"column":2},"end":{"line":71,"column":48}},"24":{"start":{"line":72,"column":2},"end":{"line":72,"column":77}}},"fnMap":{"0":{"name":"recursionSystem","decl":{"start":{"line":20,"column":9},"end":{"line":20,"column":24}},"loc":{"start":{"line":20,"column":38},"end":{"line":34,"column":1}},"line":20},"1":{"name":"formatData","decl":{"start":{"line":37,"column":9},"end":{"line":37,"column":19}},"loc":{"start":{"line":37,"column":26},"end":{"line":44,"column":1}},"line":37},"2":{"name":"divideMachine","decl":{"start":{"line":47,"column":9},"end":{"line":47,"column":22}},"loc":{"start":{"line":47,"column":46},"end":{"line":58,"column":1}},"line":47},"3":{"name":"remainder","decl":{"start":{"line":61,"column":9},"end":{"line":61,"column":18}},"loc":{"start":{"line":61,"column":29},"end":{"line":67,"column":1}},"line":61},"4":{"name":"announced","decl":{"start":{"line":70,"column":9},"end":{"line":70,"column":18}},"loc":{"start":{"line":70,"column":27},"end":{"line":73,"column":1}},"line":70}},"branchMap":{"0":{"loc":{"start":{"line":40,"column":2},"end":{"line":42,"column":3}},"type":"if","locations":[{"start":{"line":40,"column":2},"end":{"line":42,"column":3}},{"start":{"line":40,"column":2},"end":{"line":42,"column":3}}],"line":40},"1":{"loc":{"start":{"line":40,"column":6},"end":{"line":40,"column":33}},"type":"binary-expr","locations":[{"start":{"line":40,"column":6},"end":{"line":40,"column":17}},{"start":{"line":40,"column":21},"end":{"line":40,"column":33}}],"line":40},"2":{"loc":{"start":{"line":47,"column":31},"end":{"line":47,"column":44}},"type":"default-arg","locations":[{"start":{"line":47,"column":43},"end":{"line":47,"column":44}}],"line":47},"3":{"loc":{"start":{"line":49,"column":2},"end":{"line":54,"column":3}},"type":"if","locations":[{"start":{"line":49,"column":2},"end":{"line":54,"column":3}},{"start":{"line":49,"column":2},"end":{"line":54,"column":3}}],"line":49}},"s":{"0":1,"1":1,"2":1,"3":2,"4":2,"5":1,"6":1,"7":1,"8":1,"9":2,"10":4,"11":4,"12":4,"13":2,"14":2,"15":14,"16":14,"17":2,"18":12,"19":12,"20":12,"21":2,"22":2,"23":2,"24":2},"f":{"0":2,"1":4,"2":14,"3":2,"4":2},"b":{"0":[2,2],"1":[4,2],"2":[2],"3":[2,12]},"_coverageSchema":"43e27e138ebf9cfc5966b082cf9a028302ed4184","hash":"f4c9809d9b599c00c3cdddc1ff501a4feeb55462"}
,"/Users/letterliu/Desktop/JS test/js_09.js": {"path":"/Users/letterliu/Desktop/JS test/js_09.js","statementMap":{"0":{"start":{"line":9,"column":0},"end":{"line":15,"column":2}},"1":{"start":{"line":20,"column":4},"end":{"line":20,"column":15}},"2":{"start":{"line":25,"column":15},"end":{"line":25,"column":51}},"3":{"start":{"line":26,"column":0},"end":{"line":26,"column":21}},"4":{"start":{"line":30,"column":2},"end":{"line":43,"column":3}},"5":{"start":{"line":31,"column":22},"end":{"line":31,"column":37}},"6":{"start":{"line":32,"column":22},"end":{"line":32,"column":45}},"7":{"start":{"line":33,"column":27},"end":{"line":33,"column":49}},"8":{"start":{"line":34,"column":24},"end":{"line":34,"column":61}},"9":{"start":{"line":35,"column":4},"end":{"line":35,"column":34}},"10":{"start":{"line":38,"column":4},"end":{"line":38,"column":51}},"11":{"start":{"line":38,"column":34},"end":{"line":38,"column":51}},"12":{"start":{"line":39,"column":4},"end":{"line":39,"column":21}},"13":{"start":{"line":42,"column":4},"end":{"line":42,"column":73}},"14":{"start":{"line":48,"column":24},"end":{"line":48,"column":32}},"15":{"start":{"line":49,"column":22},"end":{"line":49,"column":87}},"16":{"start":{"line":49,"column":40},"end":{"line":49,"column":65}},"17":{"start":{"line":49,"column":81},"end":{"line":49,"column":86}},"18":{"start":{"line":50,"column":20},"end":{"line":50,"column":37}},"19":{"start":{"line":51,"column":2},"end":{"line":53,"column":3}},"20":{"start":{"line":52,"column":4},"end":{"line":52,"column":61}},"21":{"start":{"line":54,"column":2},"end":{"line":54,"column":42}},"22":{"start":{"line":54,"column":27},"end":{"line":54,"column":40}},"23":{"start":{"line":59,"column":24},"end":{"line":59,"column":32}},"24":{"start":{"line":60,"column":2},"end":{"line":62,"column":3}},"25":{"start":{"line":61,"column":4},"end":{"line":61,"column":59}},"26":{"start":{"line":63,"column":2},"end":{"line":63,"column":49}},"27":{"start":{"line":64,"column":2},"end":{"line":64,"column":15}},"28":{"start":{"line":69,"column":22},"end":{"line":72,"column":15}},"29":{"start":{"line":70,"column":4},"end":{"line":70,"column":52}},"30":{"start":{"line":71,"column":4},"end":{"line":71,"column":23}},"31":{"start":{"line":73,"column":2},"end":{"line":73,"column":21}},"32":{"start":{"line":78,"column":2},"end":{"line":78,"column":89}},"33":{"start":{"line":78,"column":37},"end":{"line":78,"column":87}},"34":{"start":{"line":79,"column":2},"end":{"line":79,"column":16}}},"fnMap":{"0":{"name":"(anonymous_0)","decl":{"start":{"line":19,"column":2},"end":{"line":19,"column":3}},"loc":{"start":{"line":19,"column":19},"end":{"line":21,"column":3}},"line":19},"1":{"name":"addendGame","decl":{"start":{"line":28,"column":9},"end":{"line":28,"column":19}},"loc":{"start":{"line":28,"column":33},"end":{"line":44,"column":1}},"line":28},"2":{"name":"formatData","decl":{"start":{"line":47,"column":9},"end":{"line":47,"column":19}},"loc":{"start":{"line":47,"column":26},"end":{"line":55,"column":1}},"line":47},"3":{"name":"(anonymous_3)","decl":{"start":{"line":49,"column":31},"end":{"line":49,"column":32}},"loc":{"start":{"line":49,"column":40},"end":{"line":49,"column":65}},"line":49},"4":{"name":"(anonymous_4)","decl":{"start":{"line":49,"column":72},"end":{"line":49,"column":73}},"loc":{"start":{"line":49,"column":81},"end":{"line":49,"column":86}},"line":49},"5":{"name":"(anonymous_5)","decl":{"start":{"line":54,"column":18},"end":{"line":54,"column":19}},"loc":{"start":{"line":54,"column":27},"end":{"line":54,"column":40}},"line":54},"6":{"name":"arrayLength","decl":{"start":{"line":58,"column":9},"end":{"line":58,"column":20}},"loc":{"start":{"line":58,"column":28},"end":{"line":65,"column":1}},"line":58},"7":{"name":"mergeAdder","decl":{"start":{"line":68,"column":9},"end":{"line":68,"column":19}},"loc":{"start":{"line":68,"column":47},"end":{"line":74,"column":1}},"line":68},"8":{"name":"(anonymous_8)","decl":{"start":{"line":69,"column":44},"end":{"line":69,"column":45}},"loc":{"start":{"line":69,"column":75},"end":{"line":72,"column":3}},"line":69},"9":{"name":"announced","decl":{"start":{"line":77,"column":9},"end":{"line":77,"column":18}},"loc":{"start":{"line":77,"column":27},"end":{"line":80,"column":1}},"line":77},"10":{"name":"(anonymous_10)","decl":{"start":{"line":78,"column":17},"end":{"line":78,"column":18}},"loc":{"start":{"line":78,"column":37},"end":{"line":78,"column":87}},"line":78}},"branchMap":{"0":{"loc":{"start":{"line":38,"column":4},"end":{"line":38,"column":51}},"type":"if","locations":[{"start":{"line":38,"column":4},"end":{"line":38,"column":51}},{"start":{"line":38,"column":4},"end":{"line":38,"column":51}}],"line":38},"1":{"loc":{"start":{"line":51,"column":2},"end":{"line":53,"column":3}},"type":"if","locations":[{"start":{"line":51,"column":2},"end":{"line":53,"column":3}},{"start":{"line":51,"column":2},"end":{"line":53,"column":3}}],"line":51},"2":{"loc":{"start":{"line":51,"column":6},"end":{"line":51,"column":30}},"type":"binary-expr","locations":[{"start":{"line":51,"column":6},"end":{"line":51,"column":17}},{"start":{"line":51,"column":21},"end":{"line":51,"column":30}}],"line":51},"3":{"loc":{"start":{"line":60,"column":2},"end":{"line":62,"column":3}},"type":"if","locations":[{"start":{"line":60,"column":2},"end":{"line":62,"column":3}},{"start":{"line":60,"column":2},"end":{"line":62,"column":3}}],"line":60}},"s":{"0":1,"1":2,"2":1,"3":1,"4":3,"5":3,"6":3,"7":2,"8":1,"9":1,"10":2,"11":1,"12":1,"13":3,"14":5,"15":5,"16":16,"17":15,"18":5,"19":5,"20":2,"21":3,"22":13,"23":3,"24":3,"25":2,"26":1,"27":1,"28":2,"29":10,"30":10,"31":2,"32":2,"33":10,"34":2},"f":{"0":2,"1":3,"2":5,"3":16,"4":15,"5":13,"6":3,"7":2,"8":10,"9":2,"10":10},"b":{"0":[1,1],"1":[2,3],"2":[5,3],"3":[2,1]},"_coverageSchema":"43e27e138ebf9cfc5966b082cf9a028302ed4184","hash":"c54c79c064e3ec44a1ebb70e5480e9a47fe7c3de"}
,"/Users/letterliu/Desktop/JS test/js_10.js": {"path":"/Users/letterliu/Desktop/JS test/js_10.js","statementMap":{"0":{"start":{"line":9,"column":0},"end":{"line":15,"column":2}},"1":{"start":{"line":17,"column":15},"end":{"line":17,"column":53}},"2":{"start":{"line":18,"column":0},"end":{"line":18,"column":21}},"3":{"start":{"line":22,"column":2},"end":{"line":33,"column":3}},"4":{"start":{"line":23,"column":22},"end":{"line":23,"column":46}},"5":{"start":{"line":24,"column":22},"end":{"line":24,"column":45}},"6":{"start":{"line":25,"column":27},"end":{"line":25,"column":60}},"7":{"start":{"line":26,"column":4},"end":{"line":26,"column":37}},"8":{"start":{"line":29,"column":4},"end":{"line":29,"column":21}},"9":{"start":{"line":32,"column":4},"end":{"line":32,"column":58}},"10":{"start":{"line":38,"column":24},"end":{"line":38,"column":35}},"11":{"start":{"line":39,"column":22},"end":{"line":39,"column":87}},"12":{"start":{"line":39,"column":40},"end":{"line":39,"column":65}},"13":{"start":{"line":39,"column":81},"end":{"line":39,"column":86}},"14":{"start":{"line":40,"column":20},"end":{"line":40,"column":37}},"15":{"start":{"line":41,"column":2},"end":{"line":43,"column":3}},"16":{"start":{"line":42,"column":4},"end":{"line":42,"column":52}},"17":{"start":{"line":44,"column":2},"end":{"line":44,"column":42}},"18":{"start":{"line":44,"column":27},"end":{"line":44,"column":40}},"19":{"start":{"line":49,"column":2},"end":{"line":52,"column":3}},"20":{"start":{"line":50,"column":4},"end":{"line":50,"column":60}},"21":{"start":{"line":51,"column":4},"end":{"line":51,"column":21}},"22":{"start":{"line":53,"column":2},"end":{"line":53,"column":49}},"23":{"start":{"line":54,"column":2},"end":{"line":54,"column":15}},"24":{"start":{"line":59,"column":2},"end":{"line":61,"column":3}},"25":{"start":{"line":59,"column":15},"end":{"line":59,"column":16}},"26":{"start":{"line":60,"column":4},"end":{"line":60,"column":37}},"27":{"start":{"line":60,"column":24},"end":{"line":60,"column":37}},"28":{"start":{"line":62,"column":2},"end":{"line":62,"column":21}},"29":{"start":{"line":67,"column":2},"end":{"line":72,"column":5}},"30":{"start":{"line":68,"column":4},"end":{"line":71,"column":5}},"31":{"start":{"line":69,"column":6},"end":{"line":69,"column":51}},"32":{"start":{"line":70,"column":6},"end":{"line":70,"column":21}}},"fnMap":{"0":{"name":"primeProgram","decl":{"start":{"line":20,"column":9},"end":{"line":20,"column":21}},"loc":{"start":{"line":20,"column":35},"end":{"line":34,"column":1}},"line":20},"1":{"name":"formatData","decl":{"start":{"line":37,"column":9},"end":{"line":37,"column":19}},"loc":{"start":{"line":37,"column":26},"end":{"line":45,"column":1}},"line":37},"2":{"name":"(anonymous_2)","decl":{"start":{"line":39,"column":31},"end":{"line":39,"column":32}},"loc":{"start":{"line":39,"column":40},"end":{"line":39,"column":65}},"line":39},"3":{"name":"(anonymous_3)","decl":{"start":{"line":39,"column":72},"end":{"line":39,"column":73}},"loc":{"start":{"line":39,"column":81},"end":{"line":39,"column":86}},"line":39},"4":{"name":"(anonymous_4)","decl":{"start":{"line":44,"column":18},"end":{"line":44,"column":19}},"loc":{"start":{"line":44,"column":27},"end":{"line":44,"column":40}},"line":44},"5":{"name":"arrayLength","decl":{"start":{"line":48,"column":9},"end":{"line":48,"column":20}},"loc":{"start":{"line":48,"column":39},"end":{"line":55,"column":1}},"line":48},"6":{"name":"isPrime","decl":{"start":{"line":58,"column":9},"end":{"line":58,"column":16}},"loc":{"start":{"line":58,"column":26},"end":{"line":63,"column":1}},"line":58},"7":{"name":"announced","decl":{"start":{"line":66,"column":9},"end":{"line":66,"column":18}},"loc":{"start":{"line":66,"column":35},"end":{"line":73,"column":1}},"line":66},"8":{"name":"(anonymous_8)","decl":{"start":{"line":67,"column":31},"end":{"line":67,"column":32}},"loc":{"start":{"line":67,"column":51},"end":{"line":72,"column":3}},"line":67}},"branchMap":{"0":{"loc":{"start":{"line":41,"column":2},"end":{"line":43,"column":3}},"type":"if","locations":[{"start":{"line":41,"column":2},"end":{"line":43,"column":3}},{"start":{"line":41,"column":2},"end":{"line":43,"column":3}}],"line":41},"1":{"loc":{"start":{"line":41,"column":6},"end":{"line":41,"column":30}},"type":"binary-expr","locations":[{"start":{"line":41,"column":6},"end":{"line":41,"column":17}},{"start":{"line":41,"column":21},"end":{"line":41,"column":30}}],"line":41},"2":{"loc":{"start":{"line":49,"column":2},"end":{"line":52,"column":3}},"type":"if","locations":[{"start":{"line":49,"column":2},"end":{"line":52,"column":3}},{"start":{"line":49,"column":2},"end":{"line":52,"column":3}}],"line":49},"3":{"loc":{"start":{"line":60,"column":4},"end":{"line":60,"column":37}},"type":"if","locations":[{"start":{"line":60,"column":4},"end":{"line":60,"column":37}},{"start":{"line":60,"column":4},"end":{"line":60,"column":37}}],"line":60},"4":{"loc":{"start":{"line":68,"column":4},"end":{"line":71,"column":5}},"type":"if","locations":[{"start":{"line":68,"column":4},"end":{"line":71,"column":5}},{"start":{"line":68,"column":4},"end":{"line":71,"column":5}}],"line":68}},"s":{"0":1,"1":1,"2":1,"3":3,"4":3,"5":3,"6":2,"7":2,"8":1,"9":3,"10":5,"11":5,"12":16,"13":12,"14":5,"15":5,"16":2,"17":3,"18":10,"19":3,"20":2,"21":2,"22":1,"23":1,"24":20,"25":20,"26":56,"27":7,"28":13,"29":3,"30":19,"31":10,"32":10},"f":{"0":3,"1":5,"2":16,"3":12,"4":10,"5":3,"6":20,"7":3,"8":19},"b":{"0":[2,3],"1":[5,3],"2":[2,1],"3":[7,49],"4":[10,9]},"_coverageSchema":"43e27e138ebf9cfc5966b082cf9a028302ed4184","hash":"99907dfabd2adef6b36e5c343a912e22095634b2"}
,"/Users/letterliu/Desktop/JS test/js_11.js": {"path":"/Users/letterliu/Desktop/JS test/js_11.js","statementMap":{"0":{"start":{"line":9,"column":0},"end":{"line":14,"column":2}},"1":{"start":{"line":16,"column":15},"end":{"line":16,"column":41}},"2":{"start":{"line":17,"column":0},"end":{"line":17,"column":21}},"3":{"start":{"line":21,"column":2},"end":{"line":31,"column":3}},"4":{"start":{"line":22,"column":22},"end":{"line":22,"column":45}},"5":{"start":{"line":23,"column":27},"end":{"line":23,"column":45}},"6":{"start":{"line":24,"column":4},"end":{"line":24,"column":37}},"7":{"start":{"line":27,"column":4},"end":{"line":27,"column":21}},"8":{"start":{"line":30,"column":4},"end":{"line":30,"column":46}},"9":{"start":{"line":36,"column":24},"end":{"line":36,"column":37}},"10":{"start":{"line":37,"column":22},"end":{"line":37,"column":46}},"11":{"start":{"line":38,"column":2},"end":{"line":40,"column":3}},"12":{"start":{"line":39,"column":4},"end":{"line":39,"column":47}},"13":{"start":{"line":41,"column":2},"end":{"line":41,"column":22}},"14":{"start":{"line":46,"column":25},"end":{"line":46,"column":28}},"15":{"start":{"line":46,"column":45},"end":{"line":46,"column":53}},"16":{"start":{"line":46,"column":68},"end":{"line":46,"column":71}},"17":{"start":{"line":46,"column":93},"end":{"line":46,"column":94}},"18":{"start":{"line":47,"column":10},"end":{"line":47,"column":11}},"19":{"start":{"line":47,"column":19},"end":{"line":47,"column":20}},"20":{"start":{"line":47,"column":40},"end":{"line":47,"column":41}},"21":{"start":{"line":48,"column":2},"end":{"line":48,"column":55}},"22":{"start":{"line":50,"column":2},"end":{"line":54,"column":27}},"23":{"start":{"line":51,"column":4},"end":{"line":52,"column":31}},"24":{"start":{"line":51,"column":17},"end":{"line":51,"column":53}},"25":{"start":{"line":52,"column":9},"end":{"line":52,"column":31}},"26":{"start":{"line":53,"column":4},"end":{"line":53,"column":52}},"27":{"start":{"line":53,"column":34},"end":{"line":53,"column":52}},"28":{"start":{"line":56,"column":2},"end":{"line":60,"column":4}},"29":{"start":{"line":65,"column":2},"end":{"line":65,"column":31}},"30":{"start":{"line":66,"column":2},"end":{"line":66,"column":63}},"31":{"start":{"line":67,"column":2},"end":{"line":67,"column":81}},"32":{"start":{"line":68,"column":2},"end":{"line":68,"column":24}}},"fnMap":{"0":{"name":"gymnasium","decl":{"start":{"line":19,"column":9},"end":{"line":19,"column":18}},"loc":{"start":{"line":19,"column":32},"end":{"line":32,"column":1}},"line":19},"1":{"name":"formatData","decl":{"start":{"line":35,"column":9},"end":{"line":35,"column":19}},"loc":{"start":{"line":35,"column":26},"end":{"line":42,"column":1}},"line":35},"2":{"name":"members","decl":{"start":{"line":45,"column":9},"end":{"line":45,"column":16}},"loc":{"start":{"line":45,"column":26},"end":{"line":61,"column":1}},"line":45},"3":{"name":"announced","decl":{"start":{"line":64,"column":9},"end":{"line":64,"column":18}},"loc":{"start":{"line":64,"column":35},"end":{"line":69,"column":1}},"line":64}},"branchMap":{"0":{"loc":{"start":{"line":38,"column":2},"end":{"line":40,"column":3}},"type":"if","locations":[{"start":{"line":38,"column":2},"end":{"line":40,"column":3}},{"start":{"line":38,"column":2},"end":{"line":40,"column":3}}],"line":38},"1":{"loc":{"start":{"line":38,"column":6},"end":{"line":38,"column":33}},"type":"binary-expr","locations":[{"start":{"line":38,"column":6},"end":{"line":38,"column":17}},{"start":{"line":38,"column":21},"end":{"line":38,"column":33}}],"line":38},"2":{"loc":{"start":{"line":51,"column":4},"end":{"line":52,"column":31}},"type":"if","locations":[{"start":{"line":51,"column":4},"end":{"line":52,"column":31}},{"start":{"line":51,"column":4},"end":{"line":52,"column":31}}],"line":51},"3":{"loc":{"start":{"line":53,"column":4},"end":{"line":53,"column":52}},"type":"if","locations":[{"start":{"line":53,"column":4},"end":{"line":53,"column":52}},{"start":{"line":53,"column":4},"end":{"line":53,"column":52}}],"line":53}},"s":{"0":1,"1":1,"2":1,"3":2,"4":2,"5":1,"6":1,"7":1,"8":2,"9":4,"10":4,"11":4,"12":2,"13":2,"14":2,"15":2,"16":2,"17":2,"18":2,"19":2,"20":2,"21":2,"22":2,"23":13,"24":2,"25":11,"26":13,"27":2,"28":2,"29":2,"30":2,"31":2,"32":2},"f":{"0":2,"1":4,"2":2,"3":2},"b":{"0":[2,2],"1":[4,2],"2":[2,11],"3":[2,11]},"_coverageSchema":"43e27e138ebf9cfc5966b082cf9a028302ed4184","hash":"d70a6521645f6c0a83cc3503bce5d3074499c7ad"}
,"/Users/letterliu/Desktop/JS test/js_12.js": {"path":"/Users/letterliu/Desktop/JS test/js_12.js","statementMap":{"0":{"start":{"line":6,"column":0},"end":{"line":15,"column":2}},"1":{"start":{"line":17,"column":15},"end":{"line":17,"column":54}},"2":{"start":{"line":18,"column":0},"end":{"line":18,"column":21}},"3":{"start":{"line":22,"column":2},"end":{"line":35,"column":3}},"4":{"start":{"line":23,"column":22},"end":{"line":23,"column":66}},"5":{"start":{"line":24,"column":22},"end":{"line":24,"column":45}},"6":{"start":{"line":25,"column":27},"end":{"line":25,"column":60}},"7":{"start":{"line":26,"column":24},"end":{"line":26,"column":50}},"8":{"start":{"line":27,"column":19},"end":{"line":27,"column":45}},"9":{"start":{"line":28,"column":4},"end":{"line":28,"column":29}},"10":{"start":{"line":31,"column":4},"end":{"line":31,"column":21}},"11":{"start":{"line":34,"column":4},"end":{"line":34,"column":53}},"12":{"start":{"line":40,"column":24},"end":{"line":40,"column":35}},"13":{"start":{"line":41,"column":22},"end":{"line":41,"column":87}},"14":{"start":{"line":41,"column":40},"end":{"line":41,"column":65}},"15":{"start":{"line":41,"column":81},"end":{"line":41,"column":86}},"16":{"start":{"line":42,"column":20},"end":{"line":42,"column":37}},"17":{"start":{"line":43,"column":2},"end":{"line":45,"column":3}},"18":{"start":{"line":44,"column":4},"end":{"line":44,"column":52}},"19":{"start":{"line":46,"column":2},"end":{"line":46,"column":42}},"20":{"start":{"line":46,"column":27},"end":{"line":46,"column":40}},"21":{"start":{"line":51,"column":2},"end":{"line":54,"column":3}},"22":{"start":{"line":52,"column":4},"end":{"line":52,"column":60}},"23":{"start":{"line":53,"column":4},"end":{"line":53,"column":21}},"24":{"start":{"line":55,"column":2},"end":{"line":55,"column":49}},"25":{"start":{"line":56,"column":2},"end":{"line":56,"column":15}},"26":{"start":{"line":61,"column":2},"end":{"line":63,"column":3}},"27":{"start":{"line":61,"column":15},"end":{"line":61,"column":16}},"28":{"start":{"line":62,"column":4},"end":{"line":62,"column":37}},"29":{"start":{"line":62,"column":24},"end":{"line":62,"column":37}},"30":{"start":{"line":64,"column":2},"end":{"line":64,"column":21}},"31":{"start":{"line":69,"column":2},"end":{"line":71,"column":5}},"32":{"start":{"line":70,"column":4},"end":{"line":70,"column":41}},"33":{"start":{"line":70,"column":26},"end":{"line":70,"column":41}},"34":{"start":{"line":76,"column":2},"end":{"line":80,"column":9}},"35":{"start":{"line":77,"column":24},"end":{"line":77,"column":26}},"36":{"start":{"line":77,"column":36},"end":{"line":77,"column":37}},"37":{"start":{"line":78,"column":4},"end":{"line":78,"column":63}},"38":{"start":{"line":79,"column":4},"end":{"line":79,"column":23}},"39":{"start":{"line":85,"column":2},"end":{"line":85,"column":51}},"40":{"start":{"line":85,"column":32},"end":{"line":85,"column":51}},"41":{"start":{"line":86,"column":2},"end":{"line":86,"column":34}},"42":{"start":{"line":87,"column":2},"end":{"line":87,"column":10}},"43":{"start":{"line":88,"column":2},"end":{"line":88,"column":47}},"44":{"start":{"line":95,"column":2},"end":{"line":97,"column":5}},"45":{"start":{"line":96,"column":4},"end":{"line":96,"column":42}},"46":{"start":{"line":98,"column":2},"end":{"line":98,"column":16}}},"fnMap":{"0":{"name":"primeProgram","decl":{"start":{"line":20,"column":9},"end":{"line":20,"column":21}},"loc":{"start":{"line":20,"column":35},"end":{"line":36,"column":1}},"line":20},"1":{"name":"formatData","decl":{"start":{"line":39,"column":9},"end":{"line":39,"column":19}},"loc":{"start":{"line":39,"column":26},"end":{"line":47,"column":1}},"line":39},"2":{"name":"(anonymous_2)","decl":{"start":{"line":41,"column":31},"end":{"line":41,"column":32}},"loc":{"start":{"line":41,"column":40},"end":{"line":41,"column":65}},"line":41},"3":{"name":"(anonymous_3)","decl":{"start":{"line":41,"column":72},"end":{"line":41,"column":73}},"loc":{"start":{"line":41,"column":81},"end":{"line":41,"column":86}},"line":41},"4":{"name":"(anonymous_4)","decl":{"start":{"line":46,"column":18},"end":{"line":46,"column":19}},"loc":{"start":{"line":46,"column":27},"end":{"line":46,"column":40}},"line":46},"5":{"name":"arrayLength","decl":{"start":{"line":50,"column":9},"end":{"line":50,"column":20}},"loc":{"start":{"line":50,"column":39},"end":{"line":57,"column":1}},"line":50},"6":{"name":"isPrime","decl":{"start":{"line":60,"column":9},"end":{"line":60,"column":16}},"loc":{"start":{"line":60,"column":26},"end":{"line":65,"column":1}},"line":60},"7":{"name":"primeArray","decl":{"start":{"line":68,"column":9},"end":{"line":68,"column":19}},"loc":{"start":{"line":68,"column":36},"end":{"line":72,"column":1}},"line":68},"8":{"name":"(anonymous_8)","decl":{"start":{"line":69,"column":31},"end":{"line":69,"column":32}},"loc":{"start":{"line":69,"column":44},"end":{"line":71,"column":3}},"line":69},"9":{"name":"multiplePrime","decl":{"start":{"line":75,"column":9},"end":{"line":75,"column":22}},"loc":{"start":{"line":75,"column":36},"end":{"line":81,"column":1}},"line":75},"10":{"name":"(anonymous_10)","decl":{"start":{"line":76,"column":28},"end":{"line":76,"column":29}},"loc":{"start":{"line":76,"column":52},"end":{"line":80,"column":3}},"line":76},"11":{"name":"isMultiple","decl":{"start":{"line":84,"column":9},"end":{"line":84,"column":19}},"loc":{"start":{"line":84,"column":62},"end":{"line":89,"column":1}},"line":84},"12":{"name":"announced","decl":{"start":{"line":92,"column":9},"end":{"line":92,"column":18}},"loc":{"start":{"line":92,"column":27},"end":{"line":99,"column":1}},"line":92},"13":{"name":"(anonymous_13)","decl":{"start":{"line":95,"column":33},"end":{"line":95,"column":34}},"loc":{"start":{"line":95,"column":51},"end":{"line":97,"column":3}},"line":95}},"branchMap":{"0":{"loc":{"start":{"line":43,"column":2},"end":{"line":45,"column":3}},"type":"if","locations":[{"start":{"line":43,"column":2},"end":{"line":45,"column":3}},{"start":{"line":43,"column":2},"end":{"line":45,"column":3}}],"line":43},"1":{"loc":{"start":{"line":43,"column":6},"end":{"line":43,"column":30}},"type":"binary-expr","locations":[{"start":{"line":43,"column":6},"end":{"line":43,"column":17}},{"start":{"line":43,"column":21},"end":{"line":43,"column":30}}],"line":43},"2":{"loc":{"start":{"line":51,"column":2},"end":{"line":54,"column":3}},"type":"if","locations":[{"start":{"line":51,"column":2},"end":{"line":54,"column":3}},{"start":{"line":51,"column":2},"end":{"line":54,"column":3}}],"line":51},"3":{"loc":{"start":{"line":62,"column":4},"end":{"line":62,"column":37}},"type":"if","locations":[{"start":{"line":62,"column":4},"end":{"line":62,"column":37}},{"start":{"line":62,"column":4},"end":{"line":62,"column":37}}],"line":62},"4":{"loc":{"start":{"line":70,"column":4},"end":{"line":70,"column":41}},"type":"if","locations":[{"start":{"line":70,"column":4},"end":{"line":70,"column":41}},{"start":{"line":70,"column":4},"end":{"line":70,"column":41}}],"line":70},"5":{"loc":{"start":{"line":84,"column":47},"end":{"line":84,"column":60}},"type":"default-arg","locations":[{"start":{"line":84,"column":57},"end":{"line":84,"column":60}}],"line":84},"6":{"loc":{"start":{"line":85,"column":2},"end":{"line":85,"column":51}},"type":"if","locations":[{"start":{"line":85,"column":2},"end":{"line":85,"column":51}},{"start":{"line":85,"column":2},"end":{"line":85,"column":51}}],"line":85}},"s":{"0":1,"1":1,"2":1,"3":3,"4":3,"5":3,"6":2,"7":2,"8":2,"9":2,"10":1,"11":3,"12":5,"13":5,"14":4,"15":4,"16":5,"17":5,"18":2,"19":3,"20":2,"21":3,"22":2,"23":2,"24":1,"25":1,"26":17,"27":17,"28":103,"29":9,"30":8,"31":3,"32":16,"33":7,"34":3,"35":7,"36":7,"37":7,"38":7,"39":71,"40":8,"41":63,"42":63,"43":63,"44":3,"45":6,"46":3},"f":{"0":3,"1":5,"2":4,"3":4,"4":2,"5":3,"6":17,"7":3,"8":16,"9":3,"10":7,"11":71,"12":3,"13":6},"b":{"0":[2,3],"1":[5,3],"2":[2,1],"3":[9,94],"4":[7,9],"5":[70],"6":[8,63]},"_coverageSchema":"43e27e138ebf9cfc5966b082cf9a028302ed4184","hash":"d2ea61b6a70f3fb2724a5c3785a83938726dee24"}
,"/Users/letterliu/Desktop/JS test/js_13.js": {"path":"/Users/letterliu/Desktop/JS test/js_13.js","statementMap":{"0":{"start":{"line":8,"column":0},"end":{"line":13,"column":2}},"1":{"start":{"line":15,"column":15},"end":{"line":15,"column":38}},"2":{"start":{"line":16,"column":0},"end":{"line":16,"column":21}},"3":{"start":{"line":20,"column":19},"end":{"line":20,"column":23}},"4":{"start":{"line":20,"column":32},"end":{"line":20,"column":34}},"5":{"start":{"line":20,"column":46},"end":{"line":20,"column":50}},"6":{"start":{"line":21,"column":17},"end":{"line":21,"column":44}},"7":{"start":{"line":22,"column":19},"end":{"line":22,"column":45}},"8":{"start":{"line":23,"column":2},"end":{"line":23,"column":38}},"9":{"start":{"line":27,"column":2},"end":{"line":30,"column":3}},"10":{"start":{"line":27,"column":17},"end":{"line":27,"column":18}},"11":{"start":{"line":27,"column":32},"end":{"line":27,"column":33}},"12":{"start":{"line":28,"column":4},"end":{"line":28,"column":47}},"13":{"start":{"line":28,"column":41},"end":{"line":28,"column":47}},"14":{"start":{"line":29,"column":4},"end":{"line":29,"column":26}},"15":{"start":{"line":31,"column":2},"end":{"line":35,"column":4}},"16":{"start":{"line":40,"column":2},"end":{"line":44,"column":3}},"17":{"start":{"line":40,"column":17},"end":{"line":40,"column":18}},"18":{"start":{"line":40,"column":32},"end":{"line":40,"column":33}},"19":{"start":{"line":41,"column":4},"end":{"line":41,"column":43}},"20":{"start":{"line":41,"column":37},"end":{"line":41,"column":43}},"21":{"start":{"line":42,"column":4},"end":{"line":42,"column":22}},"22":{"start":{"line":43,"column":4},"end":{"line":43,"column":31}},"23":{"start":{"line":43,"column":19},"end":{"line":43,"column":31}},"24":{"start":{"line":45,"column":2},"end":{"line":49,"column":4}},"25":{"start":{"line":54,"column":19},"end":{"line":54,"column":50}},"26":{"start":{"line":55,"column":15},"end":{"line":55,"column":48}},"27":{"start":{"line":56,"column":2},"end":{"line":56,"column":31}},"28":{"start":{"line":57,"column":2},"end":{"line":57,"column":91}},"29":{"start":{"line":58,"column":2},"end":{"line":58,"column":71}},"30":{"start":{"line":59,"column":2},"end":{"line":59,"column":111}},"31":{"start":{"line":60,"column":17},"end":{"line":60,"column":44}},"32":{"start":{"line":61,"column":2},"end":{"line":61,"column":73}},"33":{"start":{"line":62,"column":2},"end":{"line":62,"column":16}}},"fnMap":{"0":{"name":"theTortoiseAndTheHare","decl":{"start":{"line":18,"column":9},"end":{"line":18,"column":30}},"loc":{"start":{"line":18,"column":33},"end":{"line":24,"column":1}},"line":18},"1":{"name":"marathon","decl":{"start":{"line":26,"column":9},"end":{"line":26,"column":17}},"loc":{"start":{"line":26,"column":37},"end":{"line":36,"column":1}},"line":26},"2":{"name":"trackEvents","decl":{"start":{"line":39,"column":9},"end":{"line":39,"column":20}},"loc":{"start":{"line":39,"column":36},"end":{"line":50,"column":1}},"line":39},"3":{"name":"finishLine","decl":{"start":{"line":53,"column":9},"end":{"line":53,"column":19}},"loc":{"start":{"line":53,"column":38},"end":{"line":63,"column":1}},"line":53}},"branchMap":{"0":{"loc":{"start":{"line":28,"column":4},"end":{"line":28,"column":47}},"type":"if","locations":[{"start":{"line":28,"column":4},"end":{"line":28,"column":47}},{"start":{"line":28,"column":4},"end":{"line":28,"column":47}}],"line":28},"1":{"loc":{"start":{"line":41,"column":4},"end":{"line":41,"column":43}},"type":"if","locations":[{"start":{"line":41,"column":4},"end":{"line":41,"column":43}},{"start":{"line":41,"column":4},"end":{"line":41,"column":43}}],"line":41},"2":{"loc":{"start":{"line":43,"column":4},"end":{"line":43,"column":31}},"type":"if","locations":[{"start":{"line":43,"column":4},"end":{"line":43,"column":31}},{"start":{"line":43,"column":4},"end":{"line":43,"column":31}}],"line":43}},"s":{"0":1,"1":1,"2":1,"3":2,"4":2,"5":2,"6":2,"7":2,"8":2,"9":3,"10":3,"11":3,"12":10716,"13":3,"14":10713,"15":3,"16":3,"17":3,"18":3,"19":153,"20":3,"21":150,"22":150,"23":30,"24":3,"25":3,"26":3,"27":3,"28":3,"29":3,"30":3,"31":3,"32":3,"33":3},"f":{"0":2,"1":3,"2":3,"3":3},"b":{"0":[3,10713],"1":[3,150],"2":[30,120]},"_coverageSchema":"43e27e138ebf9cfc5966b082cf9a028302ed4184","hash":"3d7940ae5d648f92775f47a1b1c5a592228c390f"}
,"/Users/letterliu/Desktop/JS test/js_14.js": {"path":"/Users/letterliu/Desktop/JS test/js_14.js","statementMap":{"0":{"start":{"line":13,"column":0},"end":{"line":18,"column":2}},"1":{"start":{"line":20,"column":15},"end":{"line":20,"column":48}},"2":{"start":{"line":21,"column":0},"end":{"line":21,"column":21}},"3":{"start":{"line":25,"column":2},"end":{"line":35,"column":3}},"4":{"start":{"line":26,"column":22},"end":{"line":26,"column":45}},"5":{"start":{"line":27,"column":22},"end":{"line":27,"column":59}},"6":{"start":{"line":28,"column":4},"end":{"line":28,"column":60}},"7":{"start":{"line":31,"column":4},"end":{"line":31,"column":21}},"8":{"start":{"line":34,"column":4},"end":{"line":34,"column":53}},"9":{"start":{"line":40,"column":24},"end":{"line":40,"column":35}},"10":{"start":{"line":41,"column":22},"end":{"line":41,"column":87}},"11":{"start":{"line":41,"column":40},"end":{"line":41,"column":65}},"12":{"start":{"line":41,"column":81},"end":{"line":41,"column":86}},"13":{"start":{"line":42,"column":20},"end":{"line":42,"column":37}},"14":{"start":{"line":43,"column":2},"end":{"line":45,"column":3}},"15":{"start":{"line":44,"column":4},"end":{"line":44,"column":54}},"16":{"start":{"line":46,"column":2},"end":{"line":46,"column":42}},"17":{"start":{"line":46,"column":27},"end":{"line":46,"column":40}},"18":{"start":{"line":51,"column":2},"end":{"line":51,"column":39}},"19":{"start":{"line":51,"column":26},"end":{"line":51,"column":39}},"20":{"start":{"line":52,"column":2},"end":{"line":52,"column":50}},"21":{"start":{"line":57,"column":2},"end":{"line":57,"column":81}},"22":{"start":{"line":58,"column":2},"end":{"line":62,"column":3}}},"fnMap":{"0":{"name":"twoFold","decl":{"start":{"line":23,"column":9},"end":{"line":23,"column":16}},"loc":{"start":{"line":23,"column":30},"end":{"line":36,"column":1}},"line":23},"1":{"name":"formatData","decl":{"start":{"line":39,"column":9},"end":{"line":39,"column":19}},"loc":{"start":{"line":39,"column":26},"end":{"line":47,"column":1}},"line":39},"2":{"name":"(anonymous_2)","decl":{"start":{"line":41,"column":31},"end":{"line":41,"column":32}},"loc":{"start":{"line":41,"column":40},"end":{"line":41,"column":65}},"line":41},"3":{"name":"(anonymous_3)","decl":{"start":{"line":41,"column":72},"end":{"line":41,"column":73}},"loc":{"start":{"line":41,"column":81},"end":{"line":41,"column":86}},"line":41},"4":{"name":"(anonymous_4)","decl":{"start":{"line":46,"column":18},"end":{"line":46,"column":19}},"loc":{"start":{"line":46,"column":27},"end":{"line":46,"column":40}},"line":46},"5":{"name":"recursion","decl":{"start":{"line":50,"column":9},"end":{"line":50,"column":18}},"loc":{"start":{"line":50,"column":50},"end":{"line":53,"column":1}},"line":50},"6":{"name":"announced","decl":{"start":{"line":56,"column":9},"end":{"line":56,"column":18}},"loc":{"start":{"line":56,"column":48},"end":{"line":63,"column":1}},"line":56}},"branchMap":{"0":{"loc":{"start":{"line":43,"column":2},"end":{"line":45,"column":3}},"type":"if","locations":[{"start":{"line":43,"column":2},"end":{"line":45,"column":3}},{"start":{"line":43,"column":2},"end":{"line":45,"column":3}}],"line":43},"1":{"loc":{"start":{"line":43,"column":6},"end":{"line":43,"column":51}},"type":"binary-expr","locations":[{"start":{"line":43,"column":6},"end":{"line":43,"column":17}},{"start":{"line":43,"column":21},"end":{"line":43,"column":30}},{"start":{"line":43,"column":34},"end":{"line":43,"column":51}}],"line":43},"2":{"loc":{"start":{"line":50,"column":37},"end":{"line":50,"column":48}},"type":"default-arg","locations":[{"start":{"line":50,"column":46},"end":{"line":50,"column":48}}],"line":50},"3":{"loc":{"start":{"line":51,"column":2},"end":{"line":51,"column":39}},"type":"if","locations":[{"start":{"line":51,"column":2},"end":{"line":51,"column":39}},{"start":{"line":51,"column":2},"end":{"line":51,"column":39}}],"line":51}},"s":{"0":1,"1":1,"2":1,"3":2,"4":2,"5":1,"6":1,"7":1,"8":2,"9":5,"10":5,"11":7,"12":7,"13":5,"14":5,"15":3,"16":2,"17":4,"18":12,"19":2,"20":10,"21":2,"22":2},"f":{"0":2,"1":5,"2":7,"3":7,"4":4,"5":12,"6":2},"b":{"0":[3,2],"1":[5,3,3],"2":[11],"3":[2,10]},"_coverageSchema":"43e27e138ebf9cfc5966b082cf9a028302ed4184","hash":"b7304f9d5ea4282f5eed490847ee4bc57721019c"}
,"/Users/letterliu/Desktop/JS test/js_15.js": {"path":"/Users/letterliu/Desktop/JS test/js_15.js","statementMap":{"0":{"start":{"line":12,"column":0},"end":{"line":17,"column":2}},"1":{"start":{"line":19,"column":15},"end":{"line":19,"column":26}},"2":{"start":{"line":20,"column":0},"end":{"line":20,"column":46}},"3":{"start":{"line":24,"column":22},"end":{"line":24,"column":34}},"4":{"start":{"line":25,"column":20},"end":{"line":25,"column":42}},"5":{"start":{"line":26,"column":22},"end":{"line":26,"column":59}},"6":{"start":{"line":27,"column":2},"end":{"line":27,"column":43}},"7":{"start":{"line":32,"column":14},"end":{"line":32,"column":32}},"8":{"start":{"line":32,"column":48},"end":{"line":32,"column":52}},"9":{"start":{"line":32,"column":66},"end":{"line":32,"column":75}},"10":{"start":{"line":33,"column":2},"end":{"line":40,"column":3}},"11":{"start":{"line":33,"column":25},"end":{"line":33,"column":26}},"12":{"start":{"line":33,"column":32},"end":{"line":33,"column":33}},"13":{"start":{"line":34,"column":24},"end":{"line":34,"column":55}},"14":{"start":{"line":35,"column":4},"end":{"line":37,"column":5}},"15":{"start":{"line":36,"column":6},"end":{"line":36,"column":23}},"16":{"start":{"line":38,"column":4},"end":{"line":38,"column":29}},"17":{"start":{"line":39,"column":4},"end":{"line":39,"column":44}},"18":{"start":{"line":45,"column":2},"end":{"line":48,"column":18}},"19":{"start":{"line":46,"column":4},"end":{"line":46,"column":53}},"20":{"start":{"line":47,"column":4},"end":{"line":47,"column":23}},"21":{"start":{"line":53,"column":2},"end":{"line":53,"column":40}},"22":{"start":{"line":54,"column":2},"end":{"line":54,"column":40}},"23":{"start":{"line":55,"column":2},"end":{"line":55,"column":41}},"24":{"start":{"line":56,"column":14},"end":{"line":56,"column":69}},"25":{"start":{"line":56,"column":53},"end":{"line":56,"column":68}},"26":{"start":{"line":57,"column":2},"end":{"line":61,"column":3}}},"fnMap":{"0":{"name":"mayFlower","decl":{"start":{"line":22,"column":9},"end":{"line":22,"column":18}},"loc":{"start":{"line":22,"column":21},"end":{"line":28,"column":1}},"line":22},"1":{"name":"gymnasium","decl":{"start":{"line":31,"column":9},"end":{"line":31,"column":18}},"loc":{"start":{"line":31,"column":32},"end":{"line":41,"column":1}},"line":31},"2":{"name":"sortingSystem","decl":{"start":{"line":44,"column":9},"end":{"line":44,"column":22}},"loc":{"start":{"line":44,"column":47},"end":{"line":49,"column":1}},"line":44},"3":{"name":"(anonymous_3)","decl":{"start":{"line":45,"column":26},"end":{"line":45,"column":27}},"loc":{"start":{"line":45,"column":58},"end":{"line":48,"column":3}},"line":45},"4":{"name":"announced","decl":{"start":{"line":52,"column":9},"end":{"line":52,"column":18}},"loc":{"start":{"line":52,"column":43},"end":{"line":62,"column":1}},"line":52},"5":{"name":"(anonymous_5)","decl":{"start":{"line":56,"column":33},"end":{"line":56,"column":34}},"loc":{"start":{"line":56,"column":53},"end":{"line":56,"column":68}},"line":56}},"branchMap":{"0":{"loc":{"start":{"line":35,"column":4},"end":{"line":37,"column":5}},"type":"if","locations":[{"start":{"line":35,"column":4},"end":{"line":37,"column":5}},{"start":{"line":35,"column":4},"end":{"line":37,"column":5}}],"line":35}},"s":{"0":1,"1":1,"2":1,"3":2,"4":2,"5":2,"6":2,"7":3,"8":3,"9":3,"10":3,"11":3,"12":3,"13":96,"14":96,"15":3,"16":93,"17":93,"18":3,"19":9,"20":9,"21":3,"22":3,"23":3,"24":3,"25":6,"26":3},"f":{"0":2,"1":3,"2":3,"3":9,"4":3,"5":6},"b":{"0":[3,93]},"_coverageSchema":"43e27e138ebf9cfc5966b082cf9a028302ed4184","hash":"dc08bf2885a12d983d5c149589a33155a1ad4cc2"}
,"/Users/letterliu/Desktop/JS test/js_16.js": {"path":"/Users/letterliu/Desktop/JS test/js_16.js","statementMap":{"0":{"start":{"line":11,"column":0},"end":{"line":17,"column":2}},"1":{"start":{"line":22,"column":4},"end":{"line":22,"column":15}},"2":{"start":{"line":26,"column":15},"end":{"line":26,"column":70}},"3":{"start":{"line":27,"column":0},"end":{"line":27,"column":27}},"4":{"start":{"line":31,"column":2},"end":{"line":43,"column":3}},"5":{"start":{"line":32,"column":24},"end":{"line":32,"column":62}},"6":{"start":{"line":33,"column":28},"end":{"line":33,"column":59}},"7":{"start":{"line":34,"column":23},"end":{"line":34,"column":50}},"8":{"start":{"line":35,"column":4},"end":{"line":35,"column":33}},"9":{"start":{"line":38,"column":4},"end":{"line":38,"column":51}},"10":{"start":{"line":38,"column":34},"end":{"line":38,"column":51}},"11":{"start":{"line":39,"column":4},"end":{"line":39,"column":21}},"12":{"start":{"line":42,"column":4},"end":{"line":42,"column":57}},"13":{"start":{"line":48,"column":22},"end":{"line":48,"column":42}},"14":{"start":{"line":49,"column":24},"end":{"line":49,"column":45}},"15":{"start":{"line":50,"column":20},"end":{"line":50,"column":37}},"16":{"start":{"line":51,"column":2},"end":{"line":53,"column":3}},"17":{"start":{"line":52,"column":4},"end":{"line":52,"column":62}},"18":{"start":{"line":54,"column":2},"end":{"line":56,"column":3}},"19":{"start":{"line":55,"column":4},"end":{"line":55,"column":37}},"20":{"start":{"line":57,"column":2},"end":{"line":57,"column":24}},"21":{"start":{"line":62,"column":25},"end":{"line":62,"column":88}},"22":{"start":{"line":62,"column":54},"end":{"line":62,"column":87}},"23":{"start":{"line":63,"column":28},"end":{"line":63,"column":134}},"24":{"start":{"line":63,"column":70},"end":{"line":63,"column":92}},"25":{"start":{"line":63,"column":111},"end":{"line":63,"column":133}},"26":{"start":{"line":64,"column":2},"end":{"line":64,"column":35}},"27":{"start":{"line":65,"column":2},"end":{"line":68,"column":3}},"28":{"start":{"line":73,"column":2},"end":{"line":73,"column":37}},"29":{"start":{"line":74,"column":19},"end":{"line":74,"column":21}},"30":{"start":{"line":75,"column":18},"end":{"line":79,"column":13}},"31":{"start":{"line":76,"column":4},"end":{"line":76,"column":55}},"32":{"start":{"line":76,"column":36},"end":{"line":76,"column":55}},"33":{"start":{"line":77,"column":4},"end":{"line":77,"column":55}},"34":{"start":{"line":77,"column":36},"end":{"line":77,"column":55}},"35":{"start":{"line":78,"column":4},"end":{"line":78,"column":54}},"36":{"start":{"line":80,"column":2},"end":{"line":83,"column":3}},"37":{"start":{"line":88,"column":2},"end":{"line":88,"column":77}},"38":{"start":{"line":89,"column":2},"end":{"line":89,"column":52}},"39":{"start":{"line":90,"column":2},"end":{"line":90,"column":20}}},"fnMap":{"0":{"name":"(anonymous_0)","decl":{"start":{"line":21,"column":2},"end":{"line":21,"column":3}},"loc":{"start":{"line":21,"column":19},"end":{"line":23,"column":3}},"line":21},"1":{"name":"caesarCipher","decl":{"start":{"line":29,"column":9},"end":{"line":29,"column":21}},"loc":{"start":{"line":29,"column":50},"end":{"line":44,"column":1}},"line":29},"2":{"name":"formatData","decl":{"start":{"line":47,"column":9},"end":{"line":47,"column":19}},"loc":{"start":{"line":47,"column":34},"end":{"line":58,"column":1}},"line":47},"3":{"name":"ASCII","decl":{"start":{"line":61,"column":9},"end":{"line":61,"column":14}},"loc":{"start":{"line":61,"column":42},"end":{"line":69,"column":1}},"line":61},"4":{"name":"(anonymous_4)","decl":{"start":{"line":62,"column":41},"end":{"line":62,"column":42}},"loc":{"start":{"line":62,"column":54},"end":{"line":62,"column":87}},"line":62},"5":{"name":"(anonymous_5)","decl":{"start":{"line":63,"column":50},"end":{"line":63,"column":51}},"loc":{"start":{"line":63,"column":70},"end":{"line":63,"column":92}},"line":63},"6":{"name":"(anonymous_6)","decl":{"start":{"line":63,"column":98},"end":{"line":63,"column":99}},"loc":{"start":{"line":63,"column":111},"end":{"line":63,"column":133}},"line":63},"7":{"name":"encryption","decl":{"start":{"line":72,"column":9},"end":{"line":72,"column":19}},"loc":{"start":{"line":72,"column":28},"end":{"line":84,"column":1}},"line":72},"8":{"name":"(anonymous_8)","decl":{"start":{"line":75,"column":35},"end":{"line":75,"column":36}},"loc":{"start":{"line":75,"column":47},"end":{"line":79,"column":3}},"line":75},"9":{"name":"announced","decl":{"start":{"line":87,"column":9},"end":{"line":87,"column":18}},"loc":{"start":{"line":87,"column":31},"end":{"line":91,"column":1}},"line":87}},"branchMap":{"0":{"loc":{"start":{"line":38,"column":4},"end":{"line":38,"column":51}},"type":"if","locations":[{"start":{"line":38,"column":4},"end":{"line":38,"column":51}},{"start":{"line":38,"column":4},"end":{"line":38,"column":51}}],"line":38},"1":{"loc":{"start":{"line":51,"column":2},"end":{"line":53,"column":3}},"type":"if","locations":[{"start":{"line":51,"column":2},"end":{"line":53,"column":3}},{"start":{"line":51,"column":2},"end":{"line":53,"column":3}}],"line":51},"2":{"loc":{"start":{"line":51,"column":6},"end":{"line":51,"column":46}},"type":"binary-expr","locations":[{"start":{"line":51,"column":6},"end":{"line":51,"column":17}},{"start":{"line":51,"column":21},"end":{"line":51,"column":33}},{"start":{"line":51,"column":37},"end":{"line":51,"column":46}}],"line":51},"3":{"loc":{"start":{"line":54,"column":2},"end":{"line":56,"column":3}},"type":"if","locations":[{"start":{"line":54,"column":2},"end":{"line":56,"column":3}},{"start":{"line":54,"column":2},"end":{"line":56,"column":3}}],"line":54},"4":{"loc":{"start":{"line":54,"column":6},"end":{"line":54,"column":37}},"type":"binary-expr","locations":[{"start":{"line":54,"column":6},"end":{"line":54,"column":19}},{"start":{"line":54,"column":23},"end":{"line":54,"column":37}}],"line":54},"5":{"loc":{"start":{"line":76,"column":4},"end":{"line":76,"column":55}},"type":"if","locations":[{"start":{"line":76,"column":4},"end":{"line":76,"column":55}},{"start":{"line":76,"column":4},"end":{"line":76,"column":55}}],"line":76},"6":{"loc":{"start":{"line":77,"column":4},"end":{"line":77,"column":55}},"type":"if","locations":[{"start":{"line":77,"column":4},"end":{"line":77,"column":55}},{"start":{"line":77,"column":4},"end":{"line":77,"column":55}}],"line":77}},"s":{"0":1,"1":2,"2":1,"3":1,"4":4,"5":4,"6":2,"7":2,"8":2,"9":2,"10":1,"11":1,"12":4,"13":7,"14":7,"15":7,"16":7,"17":2,"18":5,"19":2,"20":3,"21":3,"22":3,"23":3,"24":0,"25":13,"26":3,"27":3,"28":3,"29":3,"30":3,"31":13,"32":3,"33":13,"34":1,"35":13,"36":3,"37":3,"38":3,"39":3},"f":{"0":2,"1":4,"2":7,"3":3,"4":3,"5":0,"6":13,"7":3,"8":13,"9":3},"b":{"0":[1,1],"1":[2,5],"2":[7,5,5],"3":[2,3],"4":[5,5],"5":[3,10],"6":[1,12]},"_coverageSchema":"43e27e138ebf9cfc5966b082cf9a028302ed4184","hash":"c9a8befeb8bda36b1fbcd99831dcf609563a7db0"}
}
