{"/Users/letterliu/Desktop/JS test/js_01.js": {"path":"/Users/letterliu/Desktop/JS test/js_01.js","statementMap":{"0":{"start":{"line":3,"column":0},"end":{"line":7,"column":2}},"1":{"start":{"line":12,"column":4},"end":{"line":12,"column":15}},"2":{"start":{"line":16,"column":15},"end":{"line":16,"column":47}},"3":{"start":{"line":17,"column":0},"end":{"line":17,"column":27}},"4":{"start":{"line":21,"column":2},"end":{"line":34,"column":3}},"5":{"start":{"line":22,"column":23},"end":{"line":22,"column":48}},"6":{"start":{"line":23,"column":4},"end":{"line":23,"column":36}},"7":{"start":{"line":26,"column":4},"end":{"line":30,"column":5}},"8":{"start":{"line":27,"column":6},"end":{"line":27,"column":23}},"9":{"start":{"line":29,"column":6},"end":{"line":29,"column":23}},"10":{"start":{"line":33,"column":4},"end":{"line":33,"column":37}},"11":{"start":{"line":39,"column":24},"end":{"line":39,"column":32}},"12":{"start":{"line":40,"column":22},"end":{"line":40,"column":46}},"13":{"start":{"line":41,"column":20},"end":{"line":41,"column":32}},"14":{"start":{"line":42,"column":2},"end":{"line":44,"column":3}},"15":{"start":{"line":43,"column":4},"end":{"line":43,"column":47}},"16":{"start":{"line":45,"column":2},"end":{"line":47,"column":3}},"17":{"start":{"line":46,"column":4},"end":{"line":46,"column":32}},"18":{"start":{"line":48,"column":20},"end":{"line":48,"column":32}},"19":{"start":{"line":49,"column":2},"end":{"line":49,"column":19}},"20":{"start":{"line":54,"column":2},"end":{"line":58,"column":3}},"21":{"start":{"line":55,"column":4},"end":{"line":55,"column":57}},"22":{"start":{"line":57,"column":4},"end":{"line":57,"column":30}}},"fnMap":{"0":{"name":"(anonymous_0)","decl":{"start":{"line":11,"column":2},"end":{"line":11,"column":3}},"loc":{"start":{"line":11,"column":19},"end":{"line":13,"column":3}},"line":11},"1":{"name":"goodIdeasCinema","decl":{"start":{"line":19,"column":9},"end":{"line":19,"column":24}},"loc":{"start":{"line":19,"column":38},"end":{"line":35,"column":1}},"line":19},"2":{"name":"validateData","decl":{"start":{"line":38,"column":9},"end":{"line":38,"column":21}},"loc":{"start":{"line":38,"column":28},"end":{"line":50,"column":1}},"line":38},"3":{"name":"sneakPreview","decl":{"start":{"line":53,"column":9},"end":{"line":53,"column":21}},"loc":{"start":{"line":53,"column":34},"end":{"line":59,"column":1}},"line":53}},"branchMap":{"0":{"loc":{"start":{"line":26,"column":4},"end":{"line":30,"column":5}},"type":"if","locations":[{"start":{"line":26,"column":4},"end":{"line":30,"column":5}},{"start":{"line":26,"column":4},"end":{"line":30,"column":5}}],"line":26},"1":{"loc":{"start":{"line":42,"column":2},"end":{"line":44,"column":3}},"type":"if","locations":[{"start":{"line":42,"column":2},"end":{"line":44,"column":3}},{"start":{"line":42,"column":2},"end":{"line":44,"column":3}}],"line":42},"2":{"loc":{"start":{"line":45,"column":2},"end":{"line":47,"column":3}},"type":"if","locations":[{"start":{"line":45,"column":2},"end":{"line":47,"column":3}},{"start":{"line":45,"column":2},"end":{"line":47,"column":3}}],"line":45},"3":{"loc":{"start":{"line":54,"column":2},"end":{"line":58,"column":3}},"type":"if","locations":[{"start":{"line":54,"column":2},"end":{"line":58,"column":3}},{"start":{"line":54,"column":2},"end":{"line":58,"column":3}}],"line":54}},"s":{"0":1,"1":2,"2":1,"3":1,"4":3,"5":3,"6":1,"7":2,"8":1,"9":1,"10":3,"11":6,"12":6,"13":6,"14":6,"15":2,"16":4,"17":2,"18":2,"19":2,"20":3,"21":2,"22":1},"f":{"0":2,"1":3,"2":6,"3":3},"b":{"0":[1,1],"1":[2,4],"2":[2,2],"3":[2,1]},"_coverageSchema":"43e27e138ebf9cfc5966b082cf9a028302ed4184","hash":"14d453fec3f630769f375062c7869b2bb048e992"}
}
