TN:
SF:/Users/letterliu/Desktop/JS test/js_05.js
FN:18,(anonymous_0)
FN:27,recursionGame
FN:45,formatData
FN:55,evenNumber
FN:66,recursionSum
FN:74,statistic
FNF:6
FNH:6
FNDA:2,(anonymous_0)
FNDA:4,recursionGame
FNDA:6,formatData
FNDA:4,evenNumber
FNDA:10,recursionSum
FNDA:2,statistic
DA:8,1
DA:19,2
DA:24,1
DA:25,1
DA:29,4
DA:30,4
DA:31,2
DA:32,1
DA:33,1
DA:36,3
DA:37,2
DA:40,4
DA:46,6
DA:47,6
DA:48,6
DA:49,3
DA:51,3
DA:56,4
DA:57,4
DA:58,4
DA:59,2
DA:61,2
DA:62,2
DA:67,10
DA:68,2
DA:70,8
DA:75,2
LF:27
LH:27
BRDA:36,0,0,1
BRDA:36,0,1,2
BRDA:48,1,0,3
BRDA:48,1,1,3
BRDA:48,2,0,6
BRDA:48,2,1,3
BRDA:58,3,0,2
BRDA:58,3,1,2
BRDA:58,4,0,4
BRDA:58,4,1,2
BRDA:67,5,0,2
BRDA:67,5,1,8
BRF:12
BRH:12
end_of_record
