TN:
SF:/Users/letterliu/Desktop/JS test/js_02.js
FN:19,(anonymous_0)
FN:23,(anonymous_1)
FN:29,main
FN:36,isCongruentNumber
FN:55,transformDataTypeToNumber
FN:56,(anonymous_5)
FN:60,confirmDataType
FN:66,(anonymous_7)
FN:73,isInIntervalsOfNaturalNumbersWithoutZero
FN:76,(anonymous_9)
FN:84,isCongruentEqual
FN:87,(anonymous_11)
FN:88,(anonymous_12)
FN:103,revealAnswer
FNF:14
FNH:14
FNDA:5,(anonymous_0)
FNDA:1,(anonymous_1)
FNDA:1,main
FNDA:5,isCongruentNumber
FNDA:2,transformDataTypeToNumber
FNDA:4,(anonymous_5)
FNDA:9,confirmDataType
FNDA:14,(anonymous_7)
FNDA:5,isInIntervalsOfNaturalNumbersWithoutZero
FNDA:7,(anonymous_9)
FNDA:4,isCongruentEqual
FNDA:8,(anonymous_11)
FNDA:8,(anonymous_12)
FNDA:4,revealAnswer
DA:9,1
DA:20,5
DA:21,5
DA:24,1
DA:30,1
DA:31,1
DA:34,1
DA:38,5
DA:39,5
DA:40,4
DA:41,2
DA:42,2
DA:44,2
DA:47,3
DA:48,2
DA:51,5
DA:56,4
DA:61,9
DA:62,9
DA:63,2
DA:66,14
DA:67,7
DA:68,3
DA:75,5
DA:76,7
DA:78,5
DA:79,3
DA:85,4
DA:86,4
DA:87,8
DA:89,8
DA:91,4
DA:93,8
DA:98,4
DA:99,4
DA:104,4
LF:36
LH:36
BRDA:47,0,0,1
BRDA:47,0,1,2
BRDA:62,1,0,2
BRDA:62,1,1,7
BRDA:67,2,0,3
BRDA:67,2,1,4
BRDA:78,3,0,3
BRDA:78,3,1,2
BRDA:89,4,0,4
BRDA:89,4,1,4
BRDA:104,5,0,2
BRDA:104,5,1,2
BRF:12
BRH:12
end_of_record
